STOPPED

>th1
?

>ath1
OK

>atl1
OK

>ate1
OK

>atal
OK

>atma
44 28 F5 10 71 
44 28 F5 10 71 
44 28 F5 10 71 
44 28 F5 10 71 
44 28 F5 10 71 
44 28 F5 10 71 
64 28 F5 22 02 00 A5 
64 28 F5 22 02 00 A5 
64 28 F5 22 02 00 A5 
64 28 F5 22 02 00 A5 
64 28 F5 22 02 00 A5 
64 28 F5 22 02 00 A5 
44 28 F5 20 81 
44 28 F5 20 81 
44 28 F5 20 81 
44 28 F5 20 81 
44 28 F5 20 81 
44 28 F5 20 81 
64 10 F5 22 02 00 8D 
74 F5 10 62 02 00 03 E0 
44 10 F5 14 5D 
44 F5 10 54 9D 
STOPPED

>