====> MATCH: 0x00020002160D0809   ADDRESS: 0xF7E  END: 0x10C8  SIZE: 14x23     M1: 2      M2: 2      L: 0x0809     L: 2312 
====> EXTRA: 52506171FEFEFEFE 00020002160D0809

+-----+-----+-----+-----+-----+-----+-----+-----+-----+-----+-----+-----+-----+-----+
| 254 | 254 | 254 | 254 | 254 | 254 | 254 | 254 | 254 | 254 | 254 | 254 | 254 | 254 |
| 254 | 254 | 254 | 254 | 254 | 254 | 254 | 254 | 254 | 254 | 254 | 254 | 254 | 254 |
| 254 | 254 | 254 | 254 | 254 | 254 | 254 | 254 | 254 | 254 | 254 | 254 | 254 | 254 |
| 254 | 254 | 254 | 254 | 254 | 254 | 254 | 254 | 254 | 254 | 254 | 254 | 254 | 254 |
| 254 | 254 | 254 | 254 | 254 | 254 | 254 | 254 | 254 | 254 | 254 | 254 | 254 | 254 |
| 104 | 130 | 254 | 254 | 254 | 254 | 254 | 254 | 254 | 254 | 254 | 254 | 254 | 254 |
| 93  | 108 | 142 | 182 | 254 | 254 | 254 | 254 | 254 | 254 | 254 | 254 | 254 | 254 |
| 87  | 96  | 127 | 156 | 181 | 254 | 254 | 161 | 254 | 254 | 254 | 254 | 254 | 254 |
| 82  | 87  | 113 | 136 | 147 | 254 | 254 | 150 | 254 | 254 | 254 | 254 | 254 | 254 |
| 71  | 79  | 106 | 125 | 134 | 254 | 146 | 142 | 254 | 254 | 254 | 254 | 254 | 254 |
| 53  | 74  | 98  | 116 | 125 | 136 | 136 | 132 | 160 | 160 | 160 | 165 | 165 | 165 |
| 51  | 71  | 93  | 107 | 122 | 128 | 126 | 127 | 152 | 152 | 157 | 163 | 163 | 163 |
| 47  | 66  | 83  | 99  | 115 | 119 | 119 | 123 | 145 | 145 | 151 | 156 | 156 | 156 |
| 45  | 60  | 74  | 93  | 109 | 115 | 113 | 117 | 138 | 138 | 144 | 150 | 150 | 150 |
| 43  | 55  | 69  | 87  | 103 | 109 | 109 | 111 | 132 | 132 | 138 | 144 | 144 | 144 |
| 40  | 50  | 64  | 82  | 98  | 104 | 104 | 106 | 128 | 128 | 134 | 140 | 140 | 140 |
| 37  | 46  | 63  | 79  | 93  | 100 | 100 | 103 | 124 | 124 | 130 | 135 | 135 | 135 |
| 34  | 44  | 61  | 76  | 87  | 95  | 94  | 98  | 118 | 118 | 124 | 130 | 130 | 130 |
| 31  | 42  | 59  | 74  | 84  | 92  | 91  | 94  | 113 | 113 | 118 | 124 | 124 | 124 |
| 30  | 40  | 57  | 71  | 81  | 89  | 89  | 90  | 107 | 107 | 113 | 118 | 118 | 118 |
| 28  | 39  | 55  | 70  | 79  | 86  | 87  | 87  | 101 | 101 | 107 | 113 | 113 | 113 |
| 27  | 37  | 53  | 68  | 78  | 85  | 85  | 83  | 99  | 119 | 254 | 254 | 254 | 254 |
| 26  | 36  | 51  | 67  | 76  | 83  | 82  | 80  | 97  | 113 | 254 | 254 | 254 | 254 |
+-----+-----+-----+-----+-----+-----+-----+-----+-----+-----+-----+-----+-----+-----+
================================================================================================================



====> MATCH: 0x00020002160D0809   ADDRESS: 0x10C8  END: 0x1212  SIZE: 14x23     M1: 2      M2: 2      L: 0x0809     L: 2312 
====> EXTRA: 797B7373878D8D8D 00020002160D0809

+-----+-----+-----+-----+-----+-----+-----+-----+-----+-----+-----+-----+-----+-----+
| 254 | 254 | 254 | 254 | 254 | 254 | 254 | 254 | 254 | 254 | 254 | 254 | 254 | 254 |
| 254 | 254 | 254 | 254 | 254 | 254 | 254 | 254 | 254 | 254 | 254 | 254 | 254 | 254 |
| 254 | 254 | 254 | 254 | 254 | 254 | 254 | 254 | 254 | 254 | 254 | 254 | 254 | 254 |
| 254 | 254 | 254 | 254 | 254 | 254 | 254 | 254 | 254 | 254 | 254 | 254 | 254 | 254 |
| 254 | 254 | 254 | 254 | 254 | 254 | 254 | 254 | 254 | 254 | 254 | 254 | 254 | 254 |
| 149 | 173 | 254 | 254 | 254 | 254 | 254 | 254 | 254 | 254 | 254 | 254 | 254 | 254 |
| 138 | 153 | 254 | 254 | 254 | 254 | 254 | 254 | 254 | 254 | 254 | 254 | 254 | 254 |
| 132 | 141 | 254 | 254 | 254 | 254 | 254 | 254 | 254 | 254 | 254 | 254 | 254 | 254 |
| 127 | 132 | 254 | 254 | 254 | 254 | 254 | 254 | 254 | 254 | 254 | 254 | 254 | 254 |
| 116 | 124 | 166 | 254 | 254 | 254 | 254 | 254 | 254 | 254 | 254 | 254 | 254 | 254 |
| 101 | 119 | 153 | 176 | 189 | 254 | 254 | 254 | 254 | 254 | 254 | 254 | 254 | 254 |
| 99  | 116 | 139 | 168 | 176 | 254 | 254 | 254 | 254 | 254 | 254 | 254 | 254 | 254 |
| 95  | 111 | 128 | 155 | 168 | 174 | 184 | 186 | 254 | 254 | 254 | 254 | 254 | 254 |
| 93  | 108 | 123 | 146 | 160 | 164 | 170 | 172 | 254 | 254 | 254 | 254 | 254 | 254 |
| 91  | 105 | 118 | 140 | 152 | 154 | 158 | 164 | 175 | 175 | 195 | 201 | 201 | 201 |
| 88  | 103 | 114 | 135 | 145 | 146 | 150 | 157 | 163 | 163 | 183 | 189 | 189 | 189 |
| 85  | 100 | 112 | 132 | 139 | 138 | 142 | 150 | 151 | 151 | 171 | 177 | 177 | 177 |
| 82  | 98  | 110 | 130 | 133 | 130 | 136 | 144 | 136 | 136 | 156 | 161 | 161 | 161 |
| 80  | 96  | 108 | 127 | 130 | 125 | 132 | 136 | 127 | 127 | 147 | 153 | 153 | 153 |
| 78  | 94  | 106 | 125 | 127 | 123 | 129 | 130 | 123 | 123 | 143 | 148 | 148 | 148 |
| 77  | 93  | 104 | 123 | 125 | 120 | 126 | 127 | 119 | 119 | 139 | 145 | 145 | 145 |
| 75  | 91  | 102 | 122 | 124 | 118 | 124 | 124 | 117 | 117 | 137 | 142 | 142 | 142 |
| 74  | 90  | 100 | 121 | 123 | 117 | 121 | 123 | 115 | 115 | 135 | 141 | 141 | 141 |
+-----+-----+-----+-----+-----+-----+-----+-----+-----+-----+-----+-----+-----+-----+
================================================================================================================



====> MATCH: 0x00020002160D0809   ADDRESS: 0x1212  END: 0x135C  SIZE: 14x23     M1: 2      M2: 2      L: 0x0809     L: 2312 
====> EXTRA: 60577373878D8D8D 400060000C0A0404

+-----+-----+-----+-----+-----+-----+-----+-----+-----+-----+-----+-----+-----+-----+
| 254 | 254 | 254 | 254 | 254 | 254 | 254 | 254 | 254 | 254 | 254 | 254 | 254 | 254 |
| 254 | 254 | 254 | 254 | 254 | 254 | 254 | 254 | 254 | 254 | 254 | 254 | 254 | 254 |
| 254 | 254 | 254 | 254 | 254 | 254 | 254 | 254 | 254 | 254 | 254 | 254 | 254 | 254 |
| 254 | 254 | 254 | 254 | 254 | 254 | 254 | 254 | 254 | 254 | 254 | 254 | 254 | 254 |
| 254 | 254 | 254 | 254 | 254 | 254 | 254 | 254 | 254 | 254 | 254 | 254 | 254 | 254 |
| 132 | 156 | 254 | 254 | 254 | 254 | 254 | 254 | 254 | 254 | 254 | 254 | 254 | 254 |
| 121 | 136 | 254 | 254 | 254 | 254 | 254 | 254 | 254 | 254 | 254 | 254 | 254 | 254 |
| 115 | 124 | 254 | 254 | 254 | 254 | 254 | 254 | 254 | 254 | 254 | 254 | 254 | 254 |
| 110 | 115 | 254 | 183 | 254 | 254 | 254 | 254 | 254 | 254 | 254 | 254 | 254 | 254 |
| 99  | 107 | 149 | 169 | 166 | 254 | 254 | 254 | 254 | 254 | 254 | 254 | 254 | 254 |
| 84  | 102 | 136 | 158 | 160 | 160 | 154 | 154 | 254 | 254 | 254 | 254 | 254 | 254 |
| 82  | 99  | 122 | 148 | 149 | 152 | 144 | 144 | 254 | 254 | 254 | 254 | 254 | 254 |
| 78  | 94  | 111 | 138 | 141 | 146 | 134 | 134 | 254 | 254 | 254 | 254 | 254 | 254 |
| 76  | 91  | 106 | 128 | 131 | 134 | 127 | 127 | 254 | 254 | 254 | 254 | 254 | 254 |
| 74  | 88  | 101 | 120 | 126 | 129 | 119 | 120 | 175 | 175 | 195 | 201 | 201 | 201 |
| 71  | 86  | 97  | 115 | 119 | 124 | 115 | 116 | 163 | 163 | 183 | 189 | 189 | 189 |
| 68  | 83  | 95  | 113 | 113 | 118 | 111 | 109 | 151 | 151 | 171 | 177 | 177 | 177 |
| 65  | 81  | 93  | 110 | 107 | 112 | 107 | 106 | 136 | 136 | 156 | 161 | 161 | 161 |
| 63  | 79  | 91  | 107 | 105 | 108 | 105 | 101 | 127 | 127 | 147 | 153 | 153 | 153 |
| 61  | 77  | 89  | 105 | 102 | 105 | 103 | 97  | 123 | 123 | 143 | 148 | 148 | 148 |
| 60  | 76  | 87  | 103 | 99  | 103 | 100 | 94  | 119 | 119 | 139 | 145 | 145 | 145 |
| 58  | 74  | 85  | 102 | 98  | 101 | 98  | 90  | 117 | 117 | 137 | 142 | 142 | 142 |
| 57  | 73  | 83  | 101 | 97  | 100 | 96  | 87  | 115 | 115 | 135 | 141 | 141 | 141 |
+-----+-----+-----+-----+-----+-----+-----+-----+-----+-----+-----+-----+-----+-----+
================================================================================================================



====> MATCH: 0x00020002160D0809   ADDRESS: 0x13F4  END: 0x153E  SIZE: 14x23     M1: 2      M2: 2      L: 0x0809     L: 2312 
====> EXTRA: 5E5C636D808F8B8B 00020002160D0809

+-----+-----+-----+-----+-----+-----+-----+-----+-----+-----+-----+-----+-----+-----+
| 122 | 146 | 165 | 162 | 159 | 162 | 168 | 182 | 193 | 207 | 207 | 207 | 207 | 207 |
| 116 | 145 | 164 | 159 | 156 | 159 | 165 | 179 | 190 | 200 | 200 | 204 | 202 | 202 |
| 111 | 140 | 159 | 156 | 153 | 156 | 162 | 176 | 187 | 193 | 193 | 201 | 197 | 197 |
| 100 | 129 | 148 | 151 | 147 | 150 | 156 | 161 | 172 | 186 | 186 | 198 | 192 | 192 |
| 90  | 125 | 137 | 144 | 141 | 144 | 146 | 156 | 149 | 166 | 168 | 177 | 180 | 180 |
| 87  | 119 | 135 | 143 | 139 | 142 | 144 | 152 | 149 | 164 | 164 | 172 | 180 | 180 |
| 84  | 113 | 130 | 138 | 137 | 139 | 141 | 142 | 149 | 156 | 156 | 162 | 180 | 180 |
| 80  | 112 | 128 | 137 | 135 | 136 | 139 | 145 | 149 | 150 | 153 | 161 | 175 | 175 |
| 76  | 107 | 124 | 132 | 131 | 131 | 131 | 139 | 138 | 142 | 146 | 154 | 170 | 170 |
| 73  | 102 | 119 | 129 | 128 | 129 | 129 | 134 | 135 | 141 | 145 | 154 | 167 | 167 |
| 69  | 97  | 115 | 126 | 126 | 127 | 128 | 130 | 132 | 139 | 143 | 153 | 166 | 166 |
| 65  | 85  | 108 | 120 | 122 | 125 | 124 | 127 | 130 | 138 | 142 | 152 | 165 | 165 |
| 61  | 81  | 102 | 115 | 119 | 122 | 120 | 124 | 129 | 137 | 141 | 151 | 165 | 165 |
| 58  | 78  | 96  | 113 | 117 | 120 | 117 | 121 | 125 | 135 | 140 | 150 | 165 | 165 |
| 55  | 76  | 91  | 111 | 113 | 118 | 115 | 118 | 120 | 132 | 139 | 149 | 165 | 165 |
| 52  | 74  | 89  | 109 | 109 | 115 | 113 | 113 | 114 | 128 | 138 | 148 | 160 | 160 |
| 49  | 72  | 87  | 107 | 105 | 112 | 110 | 110 | 108 | 124 | 137 | 147 | 152 | 152 |
| 46  | 70  | 85  | 105 | 101 | 109 | 107 | 106 | 106 | 120 | 136 | 147 | 151 | 151 |
| 43  | 68  | 83  | 103 | 97  | 106 | 104 | 102 | 105 | 117 | 134 | 146 | 148 | 148 |
| 42  | 67  | 81  | 101 | 93  | 102 | 102 | 100 | 103 | 114 | 133 | 146 | 145 | 145 |
| 40  | 66  | 79  | 99  | 92  | 99  | 97  | 95  | 102 | 112 | 131 | 145 | 143 | 143 |
| 39  | 64  | 77  | 97  | 91  | 97  | 95  | 93  | 101 | 111 | 130 | 144 | 141 | 141 |
| 38  | 63  | 75  | 95  | 90  | 96  | 94  | 92  | 99  | 109 | 128 | 143 | 139 | 139 |
+-----+-----+-----+-----+-----+-----+-----+-----+-----+-----+-----+-----+-----+-----+
================================================================================================================



====> MATCH: 0x00020002160D0809   ADDRESS: 0x153E  END: 0x1688  SIZE: 14x23     M1: 2      M2: 2      L: 0x0809     L: 2312 
====> EXTRA: 4D5C636D808F8B8B 0000000006060A05

+----+-----+-----+-----+-----+-----+-----+-----+-----+-----+-----+-----+-----+-----+
| 96 | 120 | 139 | 136 | 133 | 136 | 168 | 182 | 193 | 207 | 207 | 207 | 207 | 207 |
| 90 | 119 | 138 | 133 | 130 | 133 | 165 | 179 | 190 | 200 | 200 | 204 | 202 | 202 |
| 85 | 118 | 124 | 130 | 136 | 144 | 162 | 176 | 187 | 193 | 193 | 201 | 197 | 197 |
| 74 | 106 | 114 | 119 | 122 | 128 | 156 | 161 | 172 | 186 | 186 | 198 | 192 | 192 |
| 64 | 98  | 107 | 113 | 117 | 122 | 146 | 156 | 149 | 166 | 168 | 177 | 180 | 180 |
| 61 | 94  | 106 | 110 | 115 | 119 | 144 | 152 | 149 | 164 | 164 | 172 | 180 | 180 |
| 58 | 90  | 105 | 107 | 113 | 117 | 141 | 142 | 149 | 156 | 156 | 162 | 180 | 180 |
| 54 | 83  | 96  | 100 | 107 | 115 | 139 | 145 | 149 | 150 | 153 | 161 | 175 | 175 |
| 50 | 76  | 87  | 93  | 102 | 114 | 131 | 139 | 138 | 142 | 146 | 154 | 170 | 170 |
| 47 | 71  | 82  | 91  | 100 | 111 | 129 | 134 | 135 | 141 | 145 | 154 | 167 | 167 |
| 43 | 67  | 77  | 89  | 98  | 109 | 128 | 130 | 132 | 139 | 143 | 153 | 166 | 166 |
| 39 | 63  | 72  | 88  | 97  | 107 | 124 | 127 | 130 | 138 | 142 | 152 | 165 | 165 |
| 35 | 58  | 67  | 86  | 95  | 104 | 120 | 124 | 129 | 137 | 141 | 151 | 165 | 165 |
| 32 | 54  | 62  | 84  | 93  | 102 | 115 | 121 | 125 | 135 | 140 | 150 | 165 | 165 |
| 29 | 50  | 57  | 83  | 92  | 100 | 113 | 118 | 120 | 132 | 139 | 149 | 165 | 165 |
| 25 | 45  | 53  | 81  | 90  | 98  | 110 | 113 | 114 | 128 | 138 | 148 | 160 | 160 |
| 21 | 41  | 49  | 80  | 88  | 96  | 104 | 110 | 108 | 124 | 137 | 147 | 152 | 152 |
| 17 | 37  | 45  | 78  | 86  | 94  | 98  | 106 | 106 | 120 | 136 | 147 | 151 | 151 |
| 14 | 33  | 41  | 76  | 84  | 92  | 93  | 102 | 105 | 117 | 134 | 146 | 148 | 148 |
| 10 | 30  | 37  | 75  | 82  | 90  | 87  | 100 | 103 | 114 | 133 | 146 | 145 | 145 |
| 6  | 26  | 33  | 73  | 80  | 88  | 83  | 95  | 102 | 112 | 131 | 145 | 143 | 143 |
| 2  | 22  | 30  | 71  | 78  | 86  | 80  | 93  | 101 | 111 | 130 | 156 | 141 | 141 |
| 0  | 18  | 26  | 70  | 76  | 84  | 77  | 92  | 99  | 109 | 128 | 143 | 139 | 139 |
+----+-----+-----+-----+-----+-----+-----+-----+-----+-----+-----+-----+-----+-----+
================================================================================================================



====> MATCH: 0x00020005160A0808   ADDRESS: 0x1770  END: 0x1875  SIZE: 11x23     M1: 2      M2: 5      L: 0x0808     L: 2056 
====> EXTRA: 2E323638393A3C3D 0000020005160A08

+-----+-----+-----+-----+-----+-----+-----+-----+-----+-----+-----+
| 107 | 107 | 107 | 113 | 119 | 127 | 141 | 148 | 155 | 161 | 165 |
| 107 | 107 | 107 | 113 | 119 | 127 | 140 | 147 | 151 | 155 | 158 |
| 97  | 103 | 107 | 107 | 113 | 119 | 130 | 133 | 137 | 144 | 147 |
| 86  | 91  | 97  | 103 | 109 | 115 | 118 | 122 | 126 | 130 | 134 |
| 79  | 86  | 93  | 100 | 107 | 114 | 116 | 118 | 121 | 123 | 126 |
| 78  | 85  | 91  | 98  | 104 | 111 | 114 | 117 | 120 | 123 | 126 |
| 78  | 84  | 90  | 96  | 101 | 107 | 111 | 114 | 118 | 121 | 124 |
| 74  | 81  | 87  | 93  | 100 | 106 | 110 | 113 | 116 | 119 | 122 |
| 70  | 76  | 83  | 89  | 95  | 101 | 105 | 108 | 112 | 115 | 118 |
| 67  | 73  | 79  | 85  | 91  | 96  | 100 | 103 | 107 | 110 | 113 |
| 63  | 69  | 74  | 80  | 86  | 91  | 95  | 99  | 102 | 106 | 109 |
| 59  | 63  | 67  | 71  | 75  | 79  | 83  | 87  | 90  | 94  | 97  |
| 55  | 59  | 63  | 67  | 71  | 75  | 78  | 81  | 83  | 86  | 88  |
| 52  | 56  | 60  | 64  | 68  | 72  | 74  | 76  | 78  | 80  | 82  |
| 49  | 54  | 58  | 62  | 66  | 70  | 72  | 73  | 74  | 76  | 77  |
| 46  | 52  | 56  | 60  | 64  | 68  | 70  | 71  | 72  | 74  | 75  |
| 43  | 50  | 54  | 58  | 62  | 66  | 68  | 69  | 70  | 72  | 73  |
| 40  | 48  | 52  | 56  | 60  | 64  | 66  | 67  | 68  | 70  | 71  |
| 37  | 46  | 50  | 54  | 58  | 62  | 64  | 65  | 66  | 68  | 69  |
| 34  | 44  | 48  | 52  | 56  | 60  | 62  | 63  | 64  | 66  | 67  |
| 31  | 42  | 46  | 50  | 54  | 58  | 60  | 61  | 62  | 64  | 65  |
| 28  | 40  | 44  | 48  | 52  | 56  | 58  | 59  | 60  | 62  | 63  |
| 25  | 38  | 42  | 46  | 50  | 54  | 56  | 57  | 58  | 60  | 61  |
+-----+-----+-----+-----+-----+-----+-----+-----+-----+-----+-----+
================================================================================================================



====> MATCH: 0x00020005160A0808   ADDRESS: 0x1876  END: 0x197B  SIZE: 11x23     M1: 2      M2: 5      L: 0x0808     L: 2056 
====> EXTRA: 1B1D28292B2C2E30 0000020709707070

+----+----+-----+-----+-----+-----+-----+-----+-----+-----+-----+
| 91 | 97 | 100 | 104 | 108 | 112 | 116 | 120 | 124 | 128 | 132 |
| 85 | 94 | 97  | 101 | 105 | 109 | 113 | 117 | 121 | 125 | 129 |
| 85 | 91 | 94  | 98  | 102 | 106 | 110 | 114 | 118 | 122 | 126 |
| 74 | 80 | 86  | 93  | 99  | 106 | 107 | 109 | 110 | 112 | 114 |
| 64 | 70 | 77  | 84  | 91  | 98  | 99  | 101 | 103 | 105 | 107 |
| 61 | 67 | 74  | 81  | 88  | 95  | 97  | 99  | 101 | 103 | 106 |
| 58 | 65 | 72  | 79  | 86  | 90  | 93  | 96  | 99  | 102 | 105 |
| 54 | 60 | 67  | 73  | 80  | 83  | 85  | 88  | 90  | 93  | 96  |
| 50 | 56 | 62  | 68  | 74  | 76  | 78  | 80  | 82  | 84  | 87  |
| 49 | 54 | 59  | 65  | 70  | 72  | 74  | 76  | 78  | 80  | 83  |
| 48 | 52 | 57  | 62  | 67  | 69  | 71  | 73  | 74  | 76  | 79  |
| 47 | 51 | 55  | 59  | 63  | 66  | 67  | 69  | 71  | 73  | 75  |
| 46 | 49 | 53  | 56  | 60  | 62  | 64  | 66  | 67  | 69  | 71  |
| 45 | 48 | 51  | 54  | 57  | 59  | 60  | 62  | 63  | 65  | 67  |
| 44 | 46 | 48  | 51  | 53  | 56  | 57  | 59  | 60  | 62  | 64  |
| 42 | 44 | 45  | 48  | 50  | 54  | 55  | 57  | 58  | 60  | 62  |
| 40 | 42 | 42  | 45  | 47  | 52  | 53  | 55  | 56  | 58  | 60  |
| 36 | 38 | 39  | 42  | 44  | 50  | 51  | 53  | 54  | 56  | 59  |
| 33 | 35 | 36  | 39  | 41  | 48  | 49  | 51  | 52  | 54  | 56  |
| 30 | 32 | 33  | 36  | 38  | 46  | 47  | 49  | 50  | 52  | 54  |
| 27 | 29 | 30  | 33  | 35  | 44  | 45  | 47  | 48  | 50  | 52  |
| 24 | 26 | 27  | 30  | 32  | 42  | 43  | 45  | 46  | 48  | 50  |
| 21 | 23 | 24  | 27  | 29  | 40  | 41  | 43  | 44  | 46  | 48  |
+----+----+-----+-----+-----+-----+-----+-----+-----+-----+-----+
================================================================================================================



====> MATCH: 0x00040002060D0909   ADDRESS: 0x1A2E  END: 0x1A98  SIZE: 14x7     M1: 4      M2: 2      L: 0x0909     L: 2313 
====> EXTRA: 4F4F4F4F4F4F4F4F 00040002060D0909

+----+----+----+----+----+----+----+----+----+----+----+----+----+----+
| 79 | 79 | 79 | 79 | 79 | 79 | 79 | 79 | 79 | 79 | 79 | 79 | 79 | 79 |
| 79 | 79 | 79 | 79 | 79 | 79 | 79 | 79 | 79 | 79 | 79 | 79 | 79 | 79 |
| 79 | 79 | 79 | 79 | 79 | 79 | 79 | 79 | 79 | 79 | 79 | 79 | 79 | 79 |
| 79 | 79 | 79 | 79 | 79 | 79 | 79 | 79 | 79 | 79 | 79 | 79 | 79 | 79 |
| 79 | 79 | 79 | 79 | 79 | 79 | 79 | 79 | 79 | 79 | 79 | 79 | 79 | 79 |
| 79 | 79 | 79 | 79 | 79 | 79 | 79 | 79 | 79 | 79 | 79 | 79 | 79 | 79 |
| 79 | 79 | 79 | 79 | 79 | 79 | 79 | 79 | 79 | 79 | 79 | 79 | 79 | 79 |
+----+----+----+----+----+----+----+----+----+----+----+----+----+----+
================================================================================================================



====> MATCH: 0x00040002060D0909   ADDRESS: 0x1A98  END: 0x1B02  SIZE: 14x7     M1: 4      M2: 2      L: 0x0909     L: 2313 
====> EXTRA: 0000000000000000 0000000000000000

+---+---+---+---+---+---+---+---+---+---+---+---+---+---+
| 0 | 0 | 0 | 0 | 0 | 0 | 0 | 0 | 0 | 0 | 0 | 0 | 0 | 0 |
| 0 | 0 | 0 | 0 | 0 | 0 | 0 | 0 | 0 | 0 | 0 | 0 | 0 | 0 |
| 0 | 0 | 0 | 0 | 0 | 0 | 0 | 0 | 0 | 0 | 0 | 0 | 0 | 0 |
| 0 | 0 | 0 | 0 | 0 | 0 | 0 | 0 | 0 | 0 | 0 | 0 | 0 | 0 |
| 0 | 0 | 0 | 0 | 0 | 0 | 0 | 0 | 0 | 0 | 0 | 0 | 0 | 0 |
| 0 | 0 | 0 | 0 | 0 | 0 | 0 | 0 | 0 | 0 | 0 | 0 | 0 | 0 |
| 0 | 0 | 0 | 0 | 0 | 0 | 0 | 0 | 0 | 0 | 0 | 0 | 0 | 0 |
+---+---+---+---+---+---+---+---+---+---+---+---+---+---+
================================================================================================================



====> MATCH: 0x0001000217070809   ADDRESS: 0x2130  END: 0x21F8  SIZE: 8x24     M1: 1      M2: 2      L: 0x0809     L: 2312 
====> EXTRA: CD0CCD0CCD0CCD0C 3D0A3D0A850B850B

+-----+----+-----+----+-----+----+-----+----+
| 61  | 10 | 61  | 10 | 61  | 10 | 61  | 10 |
| 61  | 10 | 20  | 14 | 91  | 15 | 91  | 15 |
| 61  | 10 | 61  | 10 | 61  | 10 | 61  | 10 |
| 61  | 10 | 24  | 14 | 91  | 15 | 91  | 15 |
| 61  | 10 | 61  | 10 | 61  | 10 | 61  | 10 |
| 61  | 10 | 24  | 14 | 91  | 15 | 91  | 15 |
| 61  | 10 | 61  | 10 | 61  | 10 | 61  | 10 |
| 61  | 10 | 133 | 11 | 20  | 14 | 20  | 14 |
| 61  | 10 | 61  | 10 | 61  | 10 | 61  | 10 |
| 61  | 10 | 133 | 11 | 112 | 13 | 112 | 13 |
| 61  | 10 | 61  | 10 | 61  | 10 | 61  | 10 |
| 61  | 10 | 133 | 11 | 205 | 12 | 205 | 12 |
| 61  | 10 | 61  | 10 | 61  | 10 | 61  | 10 |
| 133 | 11 | 41  | 12 | 205 | 12 | 205 | 12 |
| 61  | 10 | 61  | 10 | 61  | 10 | 61  | 10 |
| 41  | 12 | 205 | 12 | 205 | 12 | 205 | 12 |
| 61  | 10 | 61  | 10 | 225 | 10 | 225 | 10 |
| 205 | 12 | 205 | 12 | 205 | 12 | 205 | 12 |
| 61  | 10 | 61  | 10 | 133 | 11 | 133 | 11 |
| 205 | 12 | 205 | 12 | 205 | 12 | 205 | 12 |
| 61  | 10 | 61  | 10 | 133 | 11 | 133 | 11 |
| 205 | 12 | 205 | 12 | 205 | 12 | 205 | 12 |
| 61  | 10 | 61  | 10 | 133 | 11 | 133 | 11 |
| 205 | 12 | 205 | 12 | 205 | 12 | 205 | 12 |
+-----+----+-----+----+-----+----+-----+----+
================================================================================================================



====> MATCH: 0x0001000217070809   ADDRESS: 0x22B8  END: 0x2380  SIZE: 8x24     M1: 1      M2: 2      L: 0x0809     L: 2312 
====> EXTRA: 9A199A199A199A19 7A147A140A170A17

+-----+----+-----+----+-----+----+-----+----+
| 122 | 20 | 122 | 20 | 122 | 20 | 122 | 20 |
| 122 | 20 | 41  | 28 | 182 | 30 | 182 | 30 |
| 122 | 20 | 122 | 20 | 122 | 20 | 122 | 20 |
| 122 | 20 | 41  | 28 | 182 | 30 | 182 | 30 |
| 122 | 20 | 122 | 20 | 122 | 20 | 122 | 20 |
| 122 | 20 | 41  | 28 | 182 | 30 | 182 | 30 |
| 122 | 20 | 122 | 20 | 122 | 20 | 122 | 20 |
| 122 | 20 | 10  | 23 | 41  | 28 | 41  | 28 |
| 122 | 20 | 122 | 20 | 122 | 20 | 122 | 20 |
| 122 | 20 | 10  | 23 | 225 | 26 | 225 | 26 |
| 122 | 20 | 122 | 20 | 122 | 20 | 122 | 20 |
| 122 | 20 | 10  | 23 | 154 | 25 | 154 | 25 |
| 122 | 20 | 122 | 20 | 122 | 20 | 122 | 20 |
| 10  | 23 | 82  | 24 | 154 | 25 | 154 | 25 |
| 122 | 20 | 122 | 20 | 122 | 20 | 122 | 20 |
| 82  | 24 | 154 | 25 | 154 | 25 | 154 | 25 |
| 122 | 20 | 122 | 20 | 195 | 21 | 195 | 21 |
| 154 | 25 | 154 | 25 | 154 | 25 | 154 | 25 |
| 122 | 20 | 122 | 20 | 10  | 23 | 10  | 23 |
| 154 | 25 | 154 | 25 | 154 | 25 | 154 | 25 |
| 122 | 20 | 122 | 20 | 10  | 23 | 10  | 23 |
| 154 | 25 | 154 | 25 | 154 | 25 | 154 | 25 |
| 122 | 20 | 122 | 20 | 10  | 23 | 10  | 23 |
| 154 | 25 | 154 | 25 | 154 | 25 | 154 | 25 |
+-----+----+-----+----+-----+----+-----+----+
================================================================================================================



====> MATCH: 0x0001000217070809   ADDRESS: 0x2440  END: 0x2508  SIZE: 8x24     M1: 1      M2: 2      L: 0x0809     L: 2312 
====> EXTRA: 0100010001000100 0100010001000100

+---+---+---+---+---+---+---+---+
| 1 | 0 | 1 | 0 | 1 | 0 | 1 | 0 |
| 1 | 0 | 1 | 0 | 1 | 0 | 1 | 0 |
| 1 | 0 | 1 | 0 | 1 | 0 | 1 | 0 |
| 1 | 0 | 1 | 0 | 1 | 0 | 1 | 0 |
| 1 | 0 | 1 | 0 | 1 | 0 | 1 | 0 |
| 1 | 0 | 1 | 0 | 1 | 0 | 1 | 0 |
| 1 | 0 | 1 | 0 | 1 | 0 | 1 | 0 |
| 1 | 0 | 1 | 0 | 1 | 0 | 1 | 0 |
| 1 | 0 | 1 | 0 | 1 | 0 | 1 | 0 |
| 1 | 0 | 1 | 0 | 1 | 0 | 1 | 0 |
| 1 | 0 | 1 | 0 | 1 | 0 | 1 | 0 |
| 1 | 0 | 1 | 0 | 1 | 0 | 1 | 0 |
| 1 | 0 | 1 | 0 | 1 | 0 | 1 | 0 |
| 1 | 0 | 1 | 0 | 1 | 0 | 1 | 0 |
| 1 | 0 | 1 | 0 | 1 | 0 | 1 | 0 |
| 1 | 0 | 1 | 0 | 1 | 0 | 1 | 0 |
| 1 | 0 | 1 | 0 | 1 | 0 | 1 | 0 |
| 1 | 0 | 1 | 0 | 1 | 0 | 1 | 0 |
| 1 | 0 | 1 | 0 | 1 | 0 | 1 | 0 |
| 1 | 0 | 1 | 0 | 1 | 0 | 1 | 0 |
| 1 | 0 | 1 | 0 | 1 | 0 | 1 | 0 |
| 1 | 0 | 1 | 0 | 1 | 0 | 1 | 0 |
| 1 | 0 | 1 | 0 | 1 | 0 | 1 | 0 |
| 1 | 0 | 1 | 0 | 1 | 0 | 1 | 0 |
+---+---+---+---+---+---+---+---+
================================================================================================================



====> MATCH: 0x0001000217070809   ADDRESS: 0x25C8  END: 0x2690  SIZE: 8x24     M1: 1      M2: 2      L: 0x0809     L: 2312 
====> EXTRA: 0100010001000100 0100010001000100

+---+---+---+---+---+---+---+---+
| 1 | 0 | 1 | 0 | 1 | 0 | 1 | 0 |
| 1 | 0 | 1 | 0 | 1 | 0 | 1 | 0 |
| 1 | 0 | 1 | 0 | 1 | 0 | 1 | 0 |
| 1 | 0 | 1 | 0 | 1 | 0 | 1 | 0 |
| 1 | 0 | 1 | 0 | 1 | 0 | 1 | 0 |
| 1 | 0 | 1 | 0 | 1 | 0 | 1 | 0 |
| 1 | 0 | 1 | 0 | 1 | 0 | 1 | 0 |
| 1 | 0 | 1 | 0 | 1 | 0 | 1 | 0 |
| 1 | 0 | 1 | 0 | 1 | 0 | 1 | 0 |
| 1 | 0 | 1 | 0 | 1 | 0 | 1 | 0 |
| 1 | 0 | 1 | 0 | 1 | 0 | 1 | 0 |
| 1 | 0 | 1 | 0 | 1 | 0 | 1 | 0 |
| 1 | 0 | 1 | 0 | 1 | 0 | 1 | 0 |
| 1 | 0 | 1 | 0 | 1 | 0 | 1 | 0 |
| 1 | 0 | 1 | 0 | 1 | 0 | 1 | 0 |
| 1 | 0 | 1 | 0 | 1 | 0 | 1 | 0 |
| 1 | 0 | 1 | 0 | 1 | 0 | 1 | 0 |
| 1 | 0 | 1 | 0 | 1 | 0 | 1 | 0 |
| 1 | 0 | 1 | 0 | 1 | 0 | 1 | 0 |
| 1 | 0 | 1 | 0 | 1 | 0 | 1 | 0 |
| 1 | 0 | 1 | 0 | 1 | 0 | 1 | 0 |
| 1 | 0 | 1 | 0 | 1 | 0 | 1 | 0 |
| 1 | 0 | 1 | 0 | 1 | 0 | 1 | 0 |
| 1 | 0 | 1 | 0 | 1 | 0 | 1 | 0 |
+---+---+---+---+---+---+---+---+
================================================================================================================



====> MATCH: 0x0001000217070809   ADDRESS: 0x2750  END: 0x2818  SIZE: 8x24     M1: 1      M2: 2      L: 0x0809     L: 2312 
====> EXTRA: 0100010001000100 0100010001000100

+---+---+---+---+---+---+---+---+
| 1 | 0 | 1 | 0 | 1 | 0 | 1 | 0 |
| 1 | 0 | 1 | 0 | 1 | 0 | 1 | 0 |
| 1 | 0 | 1 | 0 | 1 | 0 | 1 | 0 |
| 1 | 0 | 1 | 0 | 1 | 0 | 1 | 0 |
| 1 | 0 | 1 | 0 | 1 | 0 | 1 | 0 |
| 1 | 0 | 1 | 0 | 1 | 0 | 1 | 0 |
| 1 | 0 | 1 | 0 | 1 | 0 | 1 | 0 |
| 1 | 0 | 1 | 0 | 1 | 0 | 1 | 0 |
| 1 | 0 | 1 | 0 | 1 | 0 | 1 | 0 |
| 1 | 0 | 1 | 0 | 1 | 0 | 1 | 0 |
| 1 | 0 | 1 | 0 | 1 | 0 | 1 | 0 |
| 1 | 0 | 1 | 0 | 1 | 0 | 1 | 0 |
| 1 | 0 | 1 | 0 | 1 | 0 | 1 | 0 |
| 1 | 0 | 1 | 0 | 1 | 0 | 1 | 0 |
| 1 | 0 | 1 | 0 | 1 | 0 | 1 | 0 |
| 1 | 0 | 1 | 0 | 1 | 0 | 1 | 0 |
| 1 | 0 | 1 | 0 | 1 | 0 | 1 | 0 |
| 1 | 0 | 1 | 0 | 1 | 0 | 1 | 0 |
| 1 | 0 | 1 | 0 | 1 | 0 | 1 | 0 |
| 1 | 0 | 1 | 0 | 1 | 0 | 1 | 0 |
| 1 | 0 | 1 | 0 | 1 | 0 | 1 | 0 |
| 1 | 0 | 1 | 0 | 1 | 0 | 1 | 0 |
| 1 | 0 | 1 | 0 | 1 | 0 | 1 | 0 |
| 1 | 0 | 1 | 0 | 1 | 0 | 1 | 0 |
+---+---+---+---+---+---+---+---+
================================================================================================================



====> MATCH: 0x0001000217070809   ADDRESS: 0x28D8  END: 0x29A0  SIZE: 8x24     M1: 1      M2: 2      L: 0x0809     L: 2312 
====> EXTRA: 0100010001000100 0100010001000100

+---+---+---+---+---+---+---+---+
| 1 | 0 | 1 | 0 | 1 | 0 | 1 | 0 |
| 1 | 0 | 1 | 0 | 1 | 0 | 1 | 0 |
| 1 | 0 | 1 | 0 | 1 | 0 | 1 | 0 |
| 1 | 0 | 1 | 0 | 1 | 0 | 1 | 0 |
| 1 | 0 | 1 | 0 | 1 | 0 | 1 | 0 |
| 1 | 0 | 1 | 0 | 1 | 0 | 1 | 0 |
| 1 | 0 | 1 | 0 | 1 | 0 | 1 | 0 |
| 1 | 0 | 1 | 0 | 1 | 0 | 1 | 0 |
| 1 | 0 | 1 | 0 | 1 | 0 | 1 | 0 |
| 1 | 0 | 1 | 0 | 1 | 0 | 1 | 0 |
| 1 | 0 | 1 | 0 | 1 | 0 | 1 | 0 |
| 1 | 0 | 1 | 0 | 1 | 0 | 1 | 0 |
| 1 | 0 | 1 | 0 | 1 | 0 | 1 | 0 |
| 1 | 0 | 1 | 0 | 1 | 0 | 1 | 0 |
| 1 | 0 | 1 | 0 | 1 | 0 | 1 | 0 |
| 1 | 0 | 1 | 0 | 1 | 0 | 1 | 0 |
| 1 | 0 | 1 | 0 | 1 | 0 | 1 | 0 |
| 1 | 0 | 1 | 0 | 1 | 0 | 1 | 0 |
| 1 | 0 | 1 | 0 | 1 | 0 | 1 | 0 |
| 1 | 0 | 1 | 0 | 1 | 0 | 1 | 0 |
| 1 | 0 | 1 | 0 | 1 | 0 | 1 | 0 |
| 1 | 0 | 1 | 0 | 1 | 0 | 1 | 0 |
| 1 | 0 | 1 | 0 | 1 | 0 | 1 | 0 |
| 1 | 0 | 1 | 0 | 1 | 0 | 1 | 0 |
+---+---+---+---+---+---+---+---+
================================================================================================================



====> MATCH: 0x00020002160D0809   ADDRESS: 0x2B1E  END: 0x2C68  SIZE: 14x23     M1: 2      M2: 2      L: 0x0809     L: 2312 
====> EXTRA: 333E3E3E00000000 00020002160D0809

+---+----+----+----+----+----+----+----+----+----+---+---+---+---+
| 0 | 0  | 0  | 0  | 0  | 0  | 0  | 0  | 0  | 0  | 0 | 0 | 0 | 0 |
| 0 | 0  | 0  | 0  | 0  | 0  | 0  | 0  | 0  | 0  | 0 | 0 | 0 | 0 |
| 0 | 0  | 0  | 0  | 0  | 0  | 0  | 0  | 0  | 0  | 0 | 0 | 0 | 0 |
| 0 | 0  | 0  | 0  | 0  | 0  | 0  | 0  | 0  | 0  | 0 | 0 | 0 | 0 |
| 0 | 0  | 0  | 0  | 0  | 0  | 0  | 0  | 0  | 0  | 0 | 0 | 0 | 0 |
| 0 | 0  | 0  | 0  | 0  | 0  | 0  | 0  | 0  | 0  | 0 | 0 | 0 | 0 |
| 0 | 65 | 52 | 0  | 0  | 0  | 0  | 0  | 0  | 0  | 0 | 0 | 0 | 0 |
| 0 | 70 | 52 | 44 | 0  | 0  | 0  | 0  | 0  | 0  | 0 | 0 | 0 | 0 |
| 0 | 58 | 50 | 40 | 48 | 0  | 0  | 0  | 0  | 0  | 0 | 0 | 0 | 0 |
| 0 | 56 | 35 | 36 | 48 | 44 | 34 | 76 | 76 | 59 | 0 | 0 | 0 | 0 |
| 0 | 48 | 40 | 35 | 34 | 42 | 34 | 68 | 76 | 76 | 0 | 0 | 0 | 0 |
| 0 | 49 | 41 | 35 | 42 | 42 | 34 | 60 | 76 | 76 | 0 | 0 | 0 | 0 |
| 0 | 49 | 41 | 35 | 45 | 45 | 51 | 59 | 76 | 76 | 0 | 0 | 0 | 0 |
| 0 | 49 | 42 | 35 | 45 | 45 | 51 | 65 | 72 | 71 | 0 | 0 | 0 | 0 |
| 0 | 49 | 42 | 35 | 45 | 45 | 51 | 62 | 68 | 66 | 0 | 0 | 0 | 0 |
| 0 | 49 | 42 | 35 | 45 | 45 | 51 | 62 | 62 | 62 | 0 | 0 | 0 | 0 |
| 0 | 49 | 42 | 35 | 45 | 45 | 51 | 62 | 62 | 62 | 0 | 0 | 0 | 0 |
| 0 | 49 | 42 | 35 | 45 | 45 | 51 | 62 | 62 | 62 | 0 | 0 | 0 | 0 |
| 0 | 49 | 42 | 35 | 45 | 45 | 51 | 62 | 62 | 62 | 0 | 0 | 0 | 0 |
| 0 | 49 | 42 | 35 | 45 | 45 | 51 | 62 | 62 | 62 | 0 | 0 | 0 | 0 |
| 0 | 49 | 42 | 35 | 45 | 45 | 51 | 62 | 62 | 62 | 0 | 0 | 0 | 0 |
| 0 | 49 | 42 | 35 | 45 | 45 | 51 | 62 | 62 | 62 | 0 | 0 | 0 | 0 |
| 0 | 49 | 42 | 35 | 45 | 45 | 51 | 62 | 62 | 62 | 0 | 0 | 0 | 0 |
+---+----+----+----+----+----+----+----+----+----+---+---+---+---+
================================================================================================================



====> MATCH: 0x00020002160D0809   ADDRESS: 0x348E  END: 0x35D8  SIZE: 14x23     M1: 2      M2: 2      L: 0x0809     L: 2312 
====> EXTRA: 171A1A1A1A131313 0110080000101010

+----+----+----+----+----+----+----+----+----+----+----+----+----+----+
| 19 | 19 | 19 | 23 | 23 | 23 | 23 | 23 | 19 | 19 | 19 | 19 | 19 | 19 |
| 19 | 19 | 19 | 23 | 23 | 23 | 23 | 23 | 19 | 19 | 19 | 19 | 19 | 19 |
| 19 | 19 | 19 | 23 | 23 | 23 | 23 | 23 | 19 | 19 | 19 | 19 | 19 | 19 |
| 19 | 19 | 19 | 23 | 23 | 23 | 23 | 23 | 19 | 19 | 19 | 19 | 19 | 19 |
| 19 | 19 | 19 | 23 | 23 | 23 | 23 | 23 | 19 | 19 | 19 | 19 | 19 | 19 |
| 19 | 19 | 19 | 23 | 23 | 23 | 23 | 23 | 19 | 19 | 19 | 19 | 19 | 19 |
| 19 | 19 | 19 | 23 | 23 | 23 | 23 | 23 | 19 | 19 | 19 | 19 | 19 | 19 |
| 19 | 19 | 19 | 23 | 23 | 23 | 23 | 23 | 19 | 19 | 19 | 19 | 19 | 19 |
| 19 | 19 | 19 | 23 | 23 | 23 | 23 | 23 | 19 | 19 | 19 | 19 | 19 | 19 |
| 19 | 19 | 19 | 23 | 23 | 23 | 23 | 23 | 19 | 19 | 19 | 19 | 19 | 19 |
| 19 | 19 | 19 | 23 | 23 | 23 | 23 | 23 | 19 | 19 | 19 | 19 | 19 | 19 |
| 19 | 19 | 19 | 23 | 23 | 23 | 23 | 23 | 19 | 19 | 19 | 19 | 19 | 19 |
| 19 | 19 | 19 | 23 | 23 | 23 | 23 | 23 | 19 | 19 | 19 | 19 | 19 | 19 |
| 19 | 19 | 19 | 23 | 23 | 23 | 23 | 26 | 26 | 26 | 26 | 19 | 19 | 19 |
| 19 | 19 | 19 | 23 | 23 | 23 | 23 | 26 | 26 | 26 | 26 | 19 | 19 | 19 |
| 19 | 19 | 19 | 23 | 23 | 23 | 23 | 26 | 26 | 26 | 26 | 19 | 19 | 19 |
| 19 | 19 | 19 | 23 | 23 | 23 | 23 | 26 | 26 | 26 | 26 | 19 | 19 | 19 |
| 19 | 19 | 19 | 23 | 23 | 23 | 23 | 26 | 26 | 26 | 26 | 19 | 19 | 19 |
| 19 | 19 | 19 | 23 | 23 | 23 | 23 | 26 | 26 | 26 | 26 | 19 | 19 | 19 |
| 19 | 19 | 19 | 23 | 23 | 23 | 23 | 26 | 26 | 26 | 26 | 19 | 19 | 19 |
| 19 | 19 | 19 | 23 | 23 | 23 | 23 | 26 | 26 | 26 | 26 | 19 | 19 | 19 |
| 19 | 19 | 19 | 23 | 23 | 23 | 23 | 26 | 26 | 26 | 26 | 19 | 19 | 19 |
| 19 | 19 | 19 | 23 | 23 | 23 | 23 | 26 | 26 | 26 | 26 | 19 | 19 | 19 |
+----+----+----+----+----+----+----+----+----+----+----+----+----+----+
================================================================================================================



====> MATCH: 0x00040002140D0809   ADDRESS: 0x3E36  END: 0x3F64  SIZE: 14x21     M1: 4      M2: 2      L: 0x0809     L: 2312 
====> EXTRA: 322D2D2525242929 0000070580808080

+---+---+---+----+----+----+----+----+----+----+----+----+----+----+
| 0 | 0 | 0 | 0  | 0  | 0  | 0  | 0  | 0  | 6  | 13 | 20 | 27 | 27 |
| 0 | 0 | 0 | 0  | 0  | 0  | 0  | 0  | 0  | 10 | 17 | 24 | 31 | 31 |
| 0 | 0 | 0 | 0  | 0  | 0  | 0  | 0  | 0  | 14 | 21 | 29 | 39 | 39 |
| 0 | 0 | 0 | 0  | 0  | 0  | 0  | 0  | 5  | 18 | 26 | 34 | 41 | 41 |
| 0 | 0 | 0 | 0  | 0  | 0  | 0  | 0  | 17 | 23 | 31 | 36 | 41 | 41 |
| 0 | 0 | 0 | 0  | 0  | 0  | 0  | 5  | 23 | 27 | 36 | 36 | 41 | 41 |
| 0 | 0 | 0 | 0  | 0  | 0  | 0  | 17 | 28 | 30 | 37 | 36 | 41 | 41 |
| 0 | 0 | 0 | 0  | 0  | 0  | 5  | 25 | 31 | 34 | 37 | 36 | 41 | 41 |
| 0 | 0 | 0 | 0  | 0  | 0  | 17 | 28 | 35 | 37 | 37 | 36 | 41 | 41 |
| 0 | 0 | 0 | 5  | 5  | 5  | 26 | 31 | 39 | 37 | 37 | 36 | 41 | 41 |
| 0 | 0 | 0 | 17 | 17 | 17 | 30 | 35 | 42 | 37 | 37 | 36 | 41 | 41 |
| 0 | 0 | 0 | 17 | 25 | 30 | 34 | 39 | 45 | 37 | 37 | 36 | 41 | 41 |
| 0 | 0 | 0 | 17 | 35 | 39 | 39 | 43 | 45 | 37 | 37 | 36 | 41 | 41 |
| 0 | 0 | 0 | 17 | 36 | 47 | 47 | 45 | 45 | 37 | 37 | 36 | 41 | 41 |
| 0 | 0 | 0 | 17 | 36 | 49 | 49 | 45 | 45 | 37 | 37 | 36 | 41 | 41 |
| 0 | 0 | 0 | 17 | 36 | 50 | 50 | 45 | 45 | 37 | 37 | 36 | 41 | 41 |
| 0 | 0 | 0 | 17 | 36 | 50 | 50 | 45 | 45 | 37 | 37 | 36 | 41 | 41 |
| 0 | 0 | 0 | 17 | 36 | 50 | 50 | 45 | 45 | 37 | 37 | 36 | 41 | 41 |
| 0 | 0 | 0 | 17 | 36 | 50 | 50 | 45 | 45 | 37 | 37 | 36 | 41 | 41 |
| 0 | 0 | 0 | 17 | 36 | 50 | 50 | 45 | 45 | 37 | 37 | 36 | 41 | 41 |
| 0 | 0 | 0 | 17 | 36 | 50 | 50 | 45 | 45 | 37 | 37 | 36 | 41 | 41 |
+---+---+---+----+----+----+----+----+----+----+----+----+----+----+
================================================================================================================



====> MATCH: 0x000200020B0C0909   ADDRESS: 0x414A  END: 0x41EE  SIZE: 13x12     M1: 2      M2: 2      L: 0x0909     L: 2313 
====> EXTRA: 6464645858504438 000200020B0C0909

+-----+-----+-----+-----+-----+-----+-----+-----+-----+-----+----+----+----+
| 132 | 132 | 132 | 132 | 132 | 120 | 120 | 108 | 100 | 88  | 80 | 80 | 80 |
| 132 | 132 | 132 | 132 | 132 | 120 | 120 | 108 | 100 | 88  | 80 | 80 | 80 |
| 132 | 132 | 132 | 132 | 132 | 100 | 80  | 88  | 80  | 88  | 80 | 80 | 80 |
| 132 | 132 | 132 | 100 | 100 | 80  | 80  | 80  | 80  | 80  | 80 | 80 | 80 |
| 100 | 100 | 100 | 100 | 100 | 88  | 88  | 88  | 80  | 80  | 88 | 80 | 80 |
| 100 | 100 | 100 | 100 | 80  | 88  | 88  | 88  | 88  | 80  | 88 | 80 | 80 |
| 100 | 100 | 100 | 88  | 88  | 100 | 88  | 88  | 100 | 88  | 88 | 80 | 80 |
| 100 | 100 | 100 | 88  | 88  | 100 | 88  | 100 | 100 | 100 | 88 | 80 | 80 |
| 100 | 100 | 100 | 88  | 100 | 100 | 100 | 88  | 100 | 100 | 88 | 80 | 80 |
| 100 | 100 | 100 | 88  | 100 | 100 | 100 | 100 | 88  | 100 | 88 | 80 | 56 |
| 100 | 100 | 100 | 88  | 100 | 100 | 100 | 100 | 88  | 88  | 80 | 68 | 56 |
| 100 | 100 | 100 | 88  | 100 | 100 | 100 | 100 | 88  | 88  | 80 | 68 | 56 |
+-----+-----+-----+-----+-----+-----+-----+-----+-----+-----+----+----+----+
================================================================================================================



====> MATCH: 0x000200020B0C0909   ADDRESS: 0x41EE  END: 0x4292  SIZE: 13x12     M1: 2      M2: 2      L: 0x0909     L: 2313 
====> EXTRA: E9879E879E87038B 968596859F867387

+-----+-----+-----+-----+-----+-----+-----+-----+-----+-----+-----+-----+-----+
| 128 | 129 | 128 | 129 | 153 | 129 | 168 | 129 | 181 | 129 | 184 | 129 | 18  |
| 130 | 218 | 130 | 207 | 131 | 18  | 132 | 77  | 132 | 21  | 133 | 63  | 134 |
| 70  | 130 | 70  | 130 | 156 | 130 | 197 | 130 | 251 | 130 | 16  | 131 | 251 |
| 130 | 37  | 131 | 58  | 131 | 132 | 131 | 105 | 132 | 186 | 133 | 255 | 134 |
| 60  | 130 | 60  | 130 | 102 | 130 | 26  | 131 | 207 | 131 | 14  | 132 | 173 |
| 132 | 2   | 133 | 44  | 133 | 44  | 133 | 118 | 133 | 182 | 133 | 63  | 135 |
| 144 | 130 | 144 | 130 | 37  | 131 | 35  | 132 | 247 | 132 | 97  | 133 | 118 |
| 133 | 150 | 133 | 182 | 133 | 182 | 133 | 203 | 133 | 63  | 135 | 220 | 136 |
| 238 | 131 | 238 | 131 | 218 | 131 | 35  | 133 | 11  | 134 | 159 | 134 | 20  |
| 135 | 20  | 135 | 43  | 134 | 43  | 134 | 202 | 134 | 137 | 135 | 233 | 135 |
| 130 | 132 | 130 | 132 | 118 | 133 | 138 | 134 | 158 | 135 | 40  | 136 | 71  |
| 136 | 40  | 136 | 146 | 136 | 233 | 135 | 158 | 135 | 158 | 135 | 3   | 139 |
+-----+-----+-----+-----+-----+-----+-----+-----+-----+-----+-----+-----+-----+
================================================================================================================



====> MATCH: 0x000200020B0C0909   ADDRESS: 0x432E  END: 0x43D2  SIZE: 13x12     M1: 2      M2: 2      L: 0x0909     L: 2313 
====> EXTRA: 008DF08E758FE98F 568856883689F089

+-----+-----+-----+-----+-----+-----+-----+-----+-----+-----+-----+-----+-----+
| 144 | 130 | 144 | 130 | 160 | 130 | 240 | 130 | 32  | 131 | 144 | 131 | 251 |
| 131 | 6   | 132 | 80  | 132 | 136 | 133 | 240 | 134 | 29  | 138 | 45  | 141 |
| 0   | 131 | 0   | 131 | 242 | 130 | 128 | 131 | 0   | 132 | 128 | 132 | 0   |
| 133 | 69  | 133 | 160 | 133 | 0   | 134 | 0   | 135 | 222 | 136 | 16  | 139 |
| 166 | 131 | 166 | 131 | 37  | 132 | 112 | 132 | 37  | 133 | 137 | 133 | 33  |
| 134 | 129 | 134 | 240 | 134 | 0   | 135 | 208 | 135 | 138 | 136 | 232 | 137 |
| 240 | 132 | 240 | 132 | 6   | 133 | 131 | 133 | 160 | 133 | 64  | 134 | 144 |
| 134 | 0   | 135 | 82  | 135 | 17  | 136 | 0   | 137 | 200 | 137 | 80  | 139 |
| 0   | 134 | 0   | 134 | 80  | 134 | 33  | 135 | 134 | 135 | 0   | 136 | 128 |
| 136 | 240 | 136 | 128 | 138 | 133 | 139 | 103 | 140 | 238 | 140 | 1   | 142 |
| 80  | 136 | 80  | 136 | 245 | 136 | 128 | 137 | 240 | 137 | 82  | 138 | 0   |
| 139 | 16  | 140 | 80  | 140 | 0   | 141 | 240 | 142 | 117 | 143 | 233 | 143 |
+-----+-----+-----+-----+-----+-----+-----+-----+-----+-----+-----+-----+-----+
================================================================================================================



====> MATCH: 0x000200020B0C0909   ADDRESS: 0x446E  END: 0x4512  SIZE: 13x12     M1: 2      M2: 2      L: 0x0909     L: 2313 
====> EXTRA: A69081934B94FC96 D692D69238957894

+-----+-----+-----+-----+-----+-----+-----+-----+-----+-----+-----+-----+-----+
| 113 | 130 | 113 | 130 | 239 | 130 | 248 | 130 | 11  | 131 | 36  | 131 | 99  |
| 132 | 127 | 134 | 49  | 137 | 88  | 139 | 105 | 142 | 120 | 146 | 93  | 150 |
| 17  | 133 | 17  | 133 | 45  | 133 | 63  | 133 | 106 | 133 | 108 | 133 | 246 |
| 133 | 94  | 135 | 71  | 136 | 240 | 137 | 2   | 140 | 38  | 144 | 205 | 146 |
| 17  | 134 | 17  | 134 | 42  | 134 | 172 | 134 | 81  | 135 | 34  | 136 | 18  |
| 136 | 99  | 136 | 228 | 136 | 14  | 139 | 82  | 142 | 28  | 144 | 205 | 146 |
| 133 | 137 | 133 | 137 | 101 | 140 | 112 | 140 | 129 | 140 | 145 | 139 | 238 |
| 138 | 56  | 139 | 0   | 139 | 60  | 139 | 31  | 140 | 85  | 141 | 228 | 142 |
| 241 | 143 | 241 | 143 | 214 | 143 | 223 | 143 | 247 | 143 | 225 | 142 | 133 |
| 141 | 60  | 140 | 37  | 141 | 141 | 142 | 157 | 143 | 144 | 144 | 13  | 147 |
| 214 | 145 | 214 | 145 | 12  | 147 | 75  | 147 | 140 | 147 | 90  | 146 | 235 |
| 144 | 142 | 143 | 64  | 144 | 166 | 144 | 129 | 147 | 75  | 148 | 252 | 150 |
+-----+-----+-----+-----+-----+-----+-----+-----+-----+-----+-----+-----+-----+
================================================================================================================



====> MATCH: 0x000200020B0C0909   ADDRESS: 0x45AE  END: 0x4652  SIZE: 13x12     M1: 2      M2: 2      L: 0x0909     L: 2313 
====> EXTRA: 70983D9EA0A317A9 A7905B911A923193

+-----+-----+-----+-----+-----+-----+-----+-----+-----+-----+-----+-----+-----+
| 130 | 133 | 130 | 133 | 91  | 130 | 24  | 132 | 33  | 133 | 35  | 133 | 66  |
| 133 | 193 | 133 | 222 | 135 | 39  | 137 | 3   | 140 | 211 | 143 | 156 | 151 |
| 183 | 133 | 204 | 133 | 46  | 134 | 44  | 134 | 96  | 134 | 149 | 134 | 77  |
| 134 | 95  | 135 | 63  | 135 | 201 | 135 | 6   | 138 | 53  | 141 | 38  | 145 |
| 42  | 135 | 42  | 135 | 95  | 135 | 112 | 135 | 177 | 135 | 86  | 137 | 185 |
| 138 | 29  | 139 | 46  | 139 | 121 | 139 | 215 | 140 | 74  | 142 | 155 | 145 |
| 42  | 135 | 42  | 135 | 201 | 135 | 201 | 135 | 30  | 136 | 36  | 139 | 223 |
| 139 | 7   | 140 | 86  | 141 | 127 | 142 | 39  | 144 | 112 | 145 | 120 | 147 |
| 61  | 144 | 61  | 144 | 215 | 143 | 110 | 144 | 137 | 144 | 41  | 143 | 34  |
| 142 | 242 | 140 | 144 | 141 | 248 | 142 | 214 | 148 | 22  | 156 | 222 | 164 |
| 205 | 146 | 44  | 148 | 195 | 149 | 176 | 149 | 136 | 150 | 242 | 150 | 233 |
| 150 | 85  | 151 | 6   | 152 | 112 | 152 | 61  | 158 | 160 | 163 | 23  | 169 |
+-----+-----+-----+-----+-----+-----+-----+-----+-----+-----+-----+-----+-----+
================================================================================================================



====> MATCH: 0x000200020B0C0909   ADDRESS: 0x46F6  END: 0x479A  SIZE: 13x12     M1: 2      M2: 2      L: 0x0909     L: 2313 
====> EXTRA: 41989BAEC6C9C6C9 95589558A162306A

+-----+-----+-----+-----+-----+-----+-----+-----+-----+-----+-----+-----+-----+
| 231 | 171 | 231 | 171 | 50  | 128 | 37  | 128 | 93  | 126 | 192 | 140 | 69  |
| 142 | 225 | 143 | 246 | 130 | 12  | 158 | 157 | 168 | 115 | 188 | 115 | 188 |
| 184 | 157 | 184 | 157 | 50  | 128 | 53  | 128 | 93  | 126 | 117 | 125 | 149 |
| 142 | 107 | 152 | 109 | 161 | 43  | 152 | 191 | 170 | 99  | 177 | 99  | 177 |
| 56  | 142 | 56  | 142 | 49  | 130 | 145 | 130 | 83  | 111 | 160 | 119 | 233 |
| 141 | 50  | 144 | 65  | 132 | 43  | 150 | 50  | 164 | 8   | 184 | 8   | 184 |
| 0   | 141 | 0   | 141 | 51  | 128 | 252 | 136 | 144 | 110 | 54  | 118 | 116 |
| 132 | 50  | 159 | 94  | 142 | 85  | 159 | 42  | 181 | 42  | 180 | 42  | 180 |
| 152 | 132 | 152 | 132 | 51  | 129 | 80  | 130 | 136 | 108 | 0   | 109 | 31  |
| 126 | 99  | 147 | 88  | 137 | 141 | 158 | 172 | 167 | 176 | 196 | 176 | 196 |
| 0   | 96  | 0   | 96  | 75  | 102 | 119 | 120 | 82  | 98  | 0   | 109 | 18  |
| 126 | 220 | 135 | 45  | 115 | 65  | 152 | 155 | 174 | 198 | 201 | 198 | 201 |
+-----+-----+-----+-----+-----+-----+-----+-----+-----+-----+-----+-----+-----+
================================================================================================================



====> MATCH: 0x000200020B0C0909   ADDRESS: 0x4836  END: 0x48DA  SIZE: 13x12     M1: 2      M2: 2      L: 0x0909     L: 2313 
====> EXTRA: 41989BAEC6C9C6C9 95589558A162306A

+-----+-----+-----+-----+-----+-----+-----+-----+-----+-----+-----+-----+-----+
| 231 | 171 | 231 | 171 | 50  | 128 | 37  | 128 | 93  | 126 | 192 | 140 | 69  |
| 142 | 225 | 143 | 246 | 130 | 12  | 158 | 157 | 168 | 115 | 188 | 115 | 188 |
| 184 | 157 | 184 | 157 | 50  | 128 | 53  | 128 | 93  | 126 | 117 | 125 | 149 |
| 142 | 107 | 152 | 109 | 161 | 43  | 152 | 191 | 170 | 99  | 177 | 99  | 177 |
| 56  | 142 | 56  | 142 | 49  | 130 | 145 | 130 | 83  | 111 | 160 | 119 | 233 |
| 141 | 50  | 144 | 65  | 132 | 43  | 150 | 50  | 164 | 8   | 184 | 8   | 184 |
| 0   | 141 | 0   | 141 | 51  | 128 | 252 | 136 | 144 | 110 | 54  | 118 | 116 |
| 132 | 50  | 159 | 94  | 142 | 85  | 159 | 42  | 181 | 42  | 180 | 42  | 180 |
| 152 | 132 | 152 | 132 | 51  | 129 | 80  | 130 | 136 | 108 | 0   | 109 | 31  |
| 126 | 99  | 147 | 88  | 137 | 141 | 158 | 172 | 167 | 176 | 196 | 176 | 196 |
| 0   | 96  | 0   | 96  | 75  | 102 | 119 | 120 | 82  | 98  | 0   | 109 | 18  |
| 126 | 220 | 135 | 45  | 115 | 65  | 152 | 155 | 174 | 198 | 201 | 198 | 201 |
+-----+-----+-----+-----+-----+-----+-----+-----+-----+-----+-----+-----+-----+
================================================================================================================



====> MATCH: 0x0001000217070809   ADDRESS: 0x4B5A  END: 0x4C22  SIZE: 8x24     M1: 1      M2: 2      L: 0x0809     L: 2312 
====> EXTRA: 323228281E1E1E1E 0001000217070809

+----+----+----+----+----+----+----+----+
| 50 | 50 | 50 | 50 | 50 | 50 | 50 | 50 |
| 50 | 50 | 50 | 50 | 50 | 50 | 50 | 50 |
| 50 | 50 | 50 | 40 | 40 | 40 | 40 | 40 |
| 50 | 50 | 50 | 40 | 40 | 40 | 40 | 40 |
| 50 | 50 | 50 | 40 | 30 | 30 | 30 | 30 |
| 50 | 50 | 45 | 40 | 30 | 30 | 30 | 30 |
| 50 | 50 | 40 | 40 | 30 | 30 | 30 | 30 |
| 50 | 50 | 40 | 40 | 30 | 30 | 30 | 30 |
| 50 | 50 | 40 | 40 | 30 | 30 | 30 | 30 |
| 50 | 50 | 40 | 40 | 30 | 30 | 30 | 30 |
| 50 | 50 | 40 | 40 | 30 | 30 | 30 | 30 |
| 50 | 50 | 40 | 40 | 30 | 30 | 30 | 30 |
| 50 | 50 | 40 | 40 | 30 | 30 | 30 | 30 |
| 50 | 50 | 40 | 40 | 30 | 30 | 30 | 30 |
| 50 | 50 | 40 | 40 | 30 | 30 | 30 | 30 |
| 50 | 50 | 40 | 40 | 30 | 30 | 30 | 30 |
| 50 | 50 | 40 | 40 | 30 | 30 | 30 | 30 |
| 50 | 50 | 40 | 40 | 30 | 30 | 30 | 30 |
| 50 | 50 | 40 | 40 | 30 | 30 | 30 | 30 |
| 50 | 50 | 40 | 40 | 30 | 30 | 30 | 30 |
| 50 | 50 | 40 | 40 | 30 | 30 | 30 | 30 |
| 50 | 50 | 40 | 40 | 30 | 30 | 30 | 30 |
| 50 | 50 | 40 | 40 | 30 | 30 | 30 | 30 |
| 50 | 50 | 40 | 40 | 30 | 30 | 30 | 30 |
+----+----+----+----+----+----+----+----+
================================================================================================================



====> MATCH: 0x0001000217070809   ADDRESS: 0x4C22  END: 0x4CEA  SIZE: 8x24     M1: 1      M2: 2      L: 0x0809     L: 2312 
====> EXTRA: 21211A1A14141414 0001000217070809

+----+----+----+----+----+----+----+----+
| 33 | 33 | 33 | 33 | 33 | 33 | 33 | 33 |
| 33 | 33 | 33 | 33 | 33 | 33 | 33 | 33 |
| 33 | 33 | 33 | 26 | 26 | 26 | 26 | 26 |
| 33 | 33 | 33 | 26 | 26 | 26 | 26 | 26 |
| 33 | 33 | 33 | 26 | 20 | 20 | 20 | 20 |
| 33 | 33 | 30 | 26 | 20 | 20 | 20 | 20 |
| 33 | 33 | 26 | 26 | 20 | 20 | 20 | 20 |
| 33 | 33 | 26 | 26 | 20 | 20 | 20 | 20 |
| 33 | 33 | 26 | 26 | 20 | 20 | 20 | 20 |
| 33 | 33 | 26 | 26 | 20 | 20 | 20 | 20 |
| 33 | 33 | 26 | 26 | 20 | 20 | 20 | 20 |
| 33 | 33 | 26 | 26 | 20 | 20 | 20 | 20 |
| 33 | 33 | 26 | 26 | 20 | 20 | 20 | 20 |
| 33 | 33 | 26 | 26 | 20 | 20 | 20 | 20 |
| 33 | 33 | 26 | 26 | 20 | 20 | 20 | 20 |
| 33 | 33 | 26 | 26 | 20 | 20 | 20 | 20 |
| 33 | 33 | 26 | 26 | 20 | 20 | 20 | 20 |
| 33 | 33 | 26 | 26 | 20 | 20 | 20 | 20 |
| 33 | 33 | 26 | 26 | 20 | 20 | 20 | 20 |
| 33 | 33 | 26 | 26 | 20 | 20 | 20 | 20 |
| 33 | 33 | 26 | 26 | 20 | 20 | 20 | 20 |
| 33 | 33 | 26 | 26 | 20 | 20 | 20 | 20 |
| 33 | 33 | 26 | 26 | 20 | 20 | 20 | 20 |
| 33 | 33 | 26 | 26 | 20 | 20 | 20 | 20 |
+----+----+----+----+----+----+----+----+
================================================================================================================



====> MATCH: 0x0001000217070809   ADDRESS: 0x4CEA  END: 0x4DB2  SIZE: 8x24     M1: 1      M2: 2      L: 0x0809     L: 2312 
====> EXTRA: 323228281E1E1E1E 000000020C070909

+----+----+----+----+----+----+----+----+
| 50 | 50 | 50 | 50 | 50 | 50 | 50 | 50 |
| 50 | 50 | 50 | 50 | 50 | 50 | 50 | 50 |
| 50 | 50 | 50 | 40 | 40 | 40 | 40 | 40 |
| 50 | 50 | 50 | 40 | 40 | 40 | 40 | 40 |
| 50 | 50 | 50 | 40 | 30 | 30 | 30 | 30 |
| 50 | 50 | 45 | 40 | 30 | 30 | 30 | 30 |
| 50 | 50 | 40 | 40 | 30 | 30 | 30 | 30 |
| 50 | 50 | 40 | 40 | 30 | 30 | 30 | 30 |
| 50 | 50 | 40 | 40 | 30 | 30 | 30 | 30 |
| 50 | 50 | 40 | 40 | 30 | 30 | 30 | 30 |
| 50 | 50 | 40 | 40 | 30 | 30 | 30 | 30 |
| 50 | 50 | 40 | 40 | 30 | 30 | 30 | 30 |
| 50 | 50 | 40 | 40 | 30 | 30 | 30 | 30 |
| 50 | 50 | 40 | 40 | 30 | 30 | 30 | 30 |
| 50 | 50 | 40 | 40 | 30 | 30 | 30 | 30 |
| 50 | 50 | 40 | 40 | 30 | 30 | 30 | 30 |
| 50 | 50 | 40 | 40 | 30 | 30 | 30 | 30 |
| 50 | 50 | 40 | 40 | 30 | 30 | 30 | 30 |
| 50 | 50 | 40 | 40 | 30 | 30 | 30 | 30 |
| 50 | 50 | 40 | 40 | 30 | 30 | 30 | 30 |
| 50 | 50 | 40 | 40 | 30 | 30 | 30 | 30 |
| 50 | 50 | 40 | 40 | 30 | 30 | 30 | 30 |
| 50 | 50 | 40 | 40 | 30 | 30 | 30 | 30 |
| 50 | 50 | 40 | 40 | 30 | 30 | 30 | 30 |
+----+----+----+----+----+----+----+----+
================================================================================================================



====> MATCH: 0x000000020C070909   ADDRESS: 0x4DB2  END: 0x4E22  SIZE: 8x13     M1: 0      M2: 2      L: 0x0909     L: 2313 
====> EXTRA: 1E1E23292929292D 000000020C070909

+----+----+----+----+----+----+----+----+
| 25 | 25 | 25 | 25 | 25 | 25 | 25 | 25 |
| 25 | 25 | 25 | 25 | 25 | 25 | 25 | 25 |
| 30 | 30 | 30 | 30 | 30 | 30 | 30 | 30 |
| 30 | 30 | 30 | 30 | 30 | 30 | 30 | 35 |
| 30 | 30 | 30 | 35 | 38 | 38 | 40 | 40 |
| 30 | 30 | 35 | 38 | 38 | 38 | 40 | 40 |
| 30 | 30 | 35 | 38 | 38 | 38 | 40 | 40 |
| 30 | 30 | 35 | 40 | 40 | 40 | 40 | 45 |
| 30 | 30 | 35 | 40 | 40 | 40 | 40 | 45 |
| 30 | 30 | 35 | 41 | 41 | 41 | 41 | 45 |
| 30 | 30 | 35 | 41 | 41 | 41 | 41 | 45 |
| 30 | 30 | 35 | 41 | 41 | 41 | 41 | 45 |
| 30 | 30 | 35 | 41 | 41 | 41 | 41 | 45 |
+----+----+----+----+----+----+----+----+
================================================================================================================



====> MATCH: 0x000000020C070909   ADDRESS: 0x4E22  END: 0x4E92  SIZE: 8x13     M1: 0      M2: 2      L: 0x0909     L: 2313 
====> EXTRA: 1E1E23292929292D 000000020C070909

+----+----+----+----+----+----+----+----+
| 25 | 25 | 25 | 25 | 25 | 25 | 25 | 25 |
| 25 | 25 | 25 | 25 | 25 | 25 | 25 | 25 |
| 30 | 30 | 30 | 30 | 30 | 30 | 30 | 30 |
| 30 | 30 | 30 | 30 | 30 | 30 | 30 | 35 |
| 30 | 30 | 30 | 35 | 38 | 38 | 40 | 40 |
| 30 | 30 | 35 | 38 | 38 | 38 | 40 | 40 |
| 30 | 30 | 35 | 38 | 38 | 38 | 40 | 40 |
| 30 | 30 | 35 | 40 | 40 | 40 | 40 | 45 |
| 30 | 30 | 35 | 40 | 40 | 40 | 40 | 45 |
| 30 | 30 | 35 | 41 | 41 | 41 | 41 | 45 |
| 30 | 30 | 35 | 41 | 41 | 41 | 41 | 45 |
| 30 | 30 | 35 | 41 | 41 | 41 | 41 | 45 |
| 30 | 30 | 35 | 41 | 41 | 41 | 41 | 45 |
+----+----+----+----+----+----+----+----+
================================================================================================================



====> MATCH: 0x000000020C070909   ADDRESS: 0x4E92  END: 0x4F02  SIZE: 8x13     M1: 0      M2: 2      L: 0x0909     L: 2313 
====> EXTRA: 19191E292929292D 000000020C070909

+----+----+----+----+----+----+----+----+
| 15 | 15 | 15 | 15 | 15 | 15 | 15 | 15 |
| 15 | 15 | 15 | 15 | 15 | 15 | 15 | 15 |
| 20 | 20 | 15 | 20 | 23 | 23 | 23 | 23 |
| 20 | 20 | 20 | 23 | 23 | 23 | 23 | 28 |
| 20 | 20 | 20 | 28 | 32 | 32 | 32 | 33 |
| 20 | 20 | 25 | 34 | 34 | 34 | 38 | 38 |
| 20 | 20 | 25 | 36 | 36 | 41 | 41 | 41 |
| 25 | 25 | 30 | 41 | 41 | 41 | 41 | 45 |
| 25 | 25 | 30 | 41 | 41 | 41 | 41 | 45 |
| 25 | 25 | 30 | 41 | 41 | 41 | 41 | 45 |
| 25 | 25 | 30 | 41 | 41 | 41 | 41 | 45 |
| 25 | 25 | 30 | 41 | 41 | 41 | 41 | 45 |
| 25 | 25 | 30 | 41 | 41 | 41 | 41 | 45 |
+----+----+----+----+----+----+----+----+
================================================================================================================



====> MATCH: 0x000000020C070909   ADDRESS: 0x4F02  END: 0x4F72  SIZE: 8x13     M1: 0      M2: 2      L: 0x0909     L: 2313 
====> EXTRA: 19191E292929292D 000000020C070909

+----+----+----+----+----+----+----+----+
| 15 | 15 | 15 | 15 | 15 | 15 | 15 | 15 |
| 15 | 15 | 15 | 15 | 15 | 15 | 15 | 15 |
| 20 | 20 | 15 | 20 | 23 | 23 | 23 | 23 |
| 20 | 20 | 20 | 23 | 23 | 23 | 23 | 28 |
| 20 | 20 | 20 | 28 | 32 | 32 | 32 | 33 |
| 20 | 20 | 25 | 34 | 34 | 34 | 38 | 38 |
| 20 | 20 | 25 | 36 | 36 | 41 | 41 | 41 |
| 25 | 25 | 30 | 41 | 41 | 41 | 41 | 45 |
| 25 | 25 | 30 | 41 | 41 | 41 | 41 | 45 |
| 25 | 25 | 30 | 41 | 41 | 41 | 41 | 45 |
| 25 | 25 | 30 | 41 | 41 | 41 | 41 | 45 |
| 25 | 25 | 30 | 41 | 41 | 41 | 41 | 45 |
| 25 | 25 | 30 | 41 | 41 | 41 | 41 | 45 |
+----+----+----+----+----+----+----+----+
================================================================================================================



====> MATCH: 0x000000020C070909   ADDRESS: 0x4F72  END: 0x4FE2  SIZE: 8x13     M1: 0      M2: 2      L: 0x0909     L: 2313 
====> EXTRA: 0A0A0A0A0A0A0A0A 000000020C070909

+----+----+----+----+----+----+----+----+
| 10 | 10 | 10 | 10 | 10 | 10 | 10 | 10 |
| 10 | 10 | 10 | 10 | 10 | 10 | 10 | 10 |
| 10 | 10 | 10 | 10 | 10 | 10 | 10 | 10 |
| 10 | 10 | 10 | 10 | 10 | 10 | 10 | 10 |
| 10 | 10 | 10 | 10 | 10 | 10 | 10 | 10 |
| 10 | 10 | 10 | 10 | 10 | 10 | 10 | 10 |
| 10 | 10 | 10 | 10 | 10 | 10 | 10 | 10 |
| 10 | 10 | 10 | 10 | 10 | 10 | 10 | 10 |
| 10 | 10 | 10 | 10 | 10 | 10 | 10 | 10 |
| 10 | 10 | 10 | 10 | 10 | 10 | 10 | 10 |
| 10 | 10 | 10 | 10 | 10 | 10 | 10 | 10 |
| 10 | 10 | 10 | 10 | 10 | 10 | 10 | 10 |
| 10 | 10 | 10 | 10 | 10 | 10 | 10 | 10 |
+----+----+----+----+----+----+----+----+
================================================================================================================



====> MATCH: 0x000000020C070909   ADDRESS: 0x4FE2  END: 0x5052  SIZE: 8x13     M1: 0      M2: 2      L: 0x0909     L: 2313 
====> EXTRA: 0A0A0A0A0A0A0A0A 000000020C070909

+----+----+----+----+----+----+----+----+
| 10 | 10 | 10 | 10 | 10 | 10 | 10 | 10 |
| 10 | 10 | 10 | 10 | 10 | 10 | 10 | 10 |
| 10 | 10 | 10 | 10 | 10 | 10 | 10 | 10 |
| 10 | 10 | 10 | 10 | 10 | 10 | 10 | 10 |
| 10 | 10 | 10 | 10 | 10 | 10 | 10 | 10 |
| 10 | 10 | 10 | 10 | 10 | 10 | 10 | 10 |
| 10 | 10 | 10 | 10 | 10 | 10 | 10 | 10 |
| 10 | 10 | 10 | 10 | 10 | 10 | 10 | 10 |
| 10 | 10 | 10 | 10 | 10 | 10 | 10 | 10 |
| 10 | 10 | 10 | 10 | 10 | 10 | 10 | 10 |
| 10 | 10 | 10 | 10 | 10 | 10 | 10 | 10 |
| 10 | 10 | 10 | 10 | 10 | 10 | 10 | 10 |
| 10 | 10 | 10 | 10 | 10 | 10 | 10 | 10 |
+----+----+----+----+----+----+----+----+
================================================================================================================



====> MATCH: 0x000000020C070909   ADDRESS: 0x5052  END: 0x50C2  SIZE: 8x13     M1: 0      M2: 2      L: 0x0909     L: 2313 
====> EXTRA: 0A0A0A0A0A0A0A0A 000000020C070909

+----+----+----+----+----+----+----+----+
| 10 | 10 | 10 | 10 | 10 | 10 | 10 | 10 |
| 10 | 10 | 10 | 10 | 10 | 10 | 10 | 10 |
| 10 | 10 | 10 | 10 | 10 | 10 | 10 | 10 |
| 10 | 10 | 10 | 10 | 10 | 10 | 10 | 10 |
| 10 | 10 | 10 | 10 | 10 | 10 | 10 | 10 |
| 10 | 10 | 10 | 10 | 10 | 10 | 10 | 10 |
| 10 | 10 | 10 | 10 | 10 | 10 | 10 | 10 |
| 10 | 10 | 10 | 10 | 10 | 10 | 10 | 10 |
| 10 | 10 | 10 | 10 | 10 | 10 | 10 | 10 |
| 10 | 10 | 10 | 10 | 10 | 10 | 10 | 10 |
| 10 | 10 | 10 | 10 | 10 | 10 | 10 | 10 |
| 10 | 10 | 10 | 10 | 10 | 10 | 10 | 10 |
| 10 | 10 | 10 | 10 | 10 | 10 | 10 | 10 |
+----+----+----+----+----+----+----+----+
================================================================================================================



====> MATCH: 0x000000020C070909   ADDRESS: 0x50C2  END: 0x5132  SIZE: 8x13     M1: 0      M2: 2      L: 0x0909     L: 2313 
====> EXTRA: 0A0A0A0A0A0A0A0A 010033B300000705

+----+----+----+----+----+----+----+----+
| 10 | 10 | 10 | 10 | 10 | 10 | 10 | 10 |
| 10 | 10 | 10 | 10 | 10 | 10 | 10 | 10 |
| 10 | 10 | 10 | 10 | 10 | 10 | 10 | 10 |
| 10 | 10 | 10 | 10 | 10 | 10 | 10 | 10 |
| 10 | 10 | 10 | 10 | 10 | 10 | 10 | 10 |
| 10 | 10 | 10 | 10 | 10 | 10 | 10 | 10 |
| 10 | 10 | 10 | 10 | 10 | 10 | 10 | 10 |
| 10 | 10 | 10 | 10 | 10 | 10 | 10 | 10 |
| 10 | 10 | 10 | 10 | 10 | 10 | 10 | 10 |
| 10 | 10 | 10 | 10 | 10 | 10 | 10 | 10 |
| 10 | 10 | 10 | 10 | 10 | 10 | 10 | 10 |
| 10 | 10 | 10 | 10 | 10 | 10 | 10 | 10 |
| 10 | 10 | 10 | 10 | 10 | 10 | 10 | 10 |
+----+----+----+----+----+----+----+----+
================================================================================================================



====> MATCH: 0x0001000100020909   ADDRESS: 0x545E  END: 0x5469  SIZE: 3x1     M1: 1      M2: 1      L: 0x0909     L: 2313 
====> EXTRA: 0100020909020004 0014003500490060

+---+---+---+
| 2 | 0 | 4 |
+---+---+---+
================================================================================================================



====> MATCH: 0x00000004180C0809   ADDRESS: 0x586C  END: 0x59B9  SIZE: 13x25     M1: 0      M2: 4      L: 0x0809     L: 2312 
====> EXTRA: A59B97A090927F7F 0000000004180C08

+-----+-----+-----+-----+-----+-----+-----+-----+-----+-----+-----+-----+-----+
| 0   | 0   | 0   | 0   | 0   | 0   | 5   | 0   | 0   | 0   | 0   | 0   | 0   |
| 4   | 1   | 0   | 0   | 1   | 9   | 14  | 6   | 1   | 4   | 0   | 0   | 0   |
| 14  | 10  | 7   | 9   | 12  | 19  | 24  | 16  | 12  | 14  | 6   | 0   | 0   |
| 24  | 19  | 18  | 4   | 23  | 30  | 33  | 26  | 22  | 23  | 16  | 9   | 9   |
| 36  | 30  | 30  | 31  | 34  | 37  | 42  | 35  | 33  | 32  | 26  | 14  | 14  |
| 46  | 34  | 38  | 39  | 44  | 50  | 52  | 49  | 44  | 39  | 31  | 27  | 27  |
| 52  | 41  | 45  | 47  | 52  | 62  | 59  | 55  | 48  | 57  | 47  | 39  | 39  |
| 62  | 60  | 62  | 57  | 66  | 73  | 70  | 62  | 59  | 65  | 59  | 48  | 48  |
| 70  | 71  | 76  | 70  | 80  | 84  | 81  | 73  | 73  | 69  | 70  | 57  | 57  |
| 84  | 80  | 90  | 84  | 94  | 92  | 89  | 85  | 87  | 76  | 80  | 68  | 68  |
| 98  | 88  | 104 | 98  | 106 | 101 | 97  | 96  | 101 | 85  | 89  | 80  | 80  |
| 105 | 93  | 113 | 108 | 118 | 119 | 107 | 105 | 114 | 96  | 100 | 85  | 85  |
| 109 | 96  | 117 | 113 | 126 | 132 | 118 | 112 | 120 | 109 | 111 | 91  | 91  |
| 122 | 110 | 130 | 111 | 132 | 136 | 127 | 118 | 127 | 119 | 113 | 95  | 95  |
| 131 | 119 | 141 | 131 | 146 | 137 | 136 | 128 | 135 | 124 | 126 | 109 | 109 |
| 141 | 128 | 153 | 141 | 157 | 154 | 146 | 141 | 149 | 135 | 136 | 118 | 118 |
| 151 | 137 | 164 | 151 | 168 | 165 | 155 | 151 | 160 | 144 | 146 | 127 | 127 |
| 151 | 137 | 164 | 151 | 168 | 165 | 155 | 151 | 160 | 144 | 146 | 127 | 127 |
| 151 | 137 | 164 | 151 | 168 | 165 | 155 | 151 | 160 | 144 | 146 | 127 | 127 |
| 151 | 137 | 164 | 151 | 168 | 165 | 155 | 151 | 160 | 144 | 146 | 127 | 127 |
| 151 | 137 | 164 | 151 | 168 | 165 | 155 | 151 | 160 | 144 | 146 | 127 | 127 |
| 151 | 137 | 164 | 151 | 168 | 165 | 155 | 151 | 160 | 144 | 146 | 127 | 127 |
| 151 | 137 | 164 | 151 | 168 | 165 | 155 | 151 | 160 | 144 | 146 | 127 | 127 |
| 151 | 137 | 164 | 151 | 168 | 165 | 155 | 151 | 160 | 144 | 146 | 127 | 127 |
| 151 | 137 | 164 | 151 | 168 | 165 | 155 | 151 | 160 | 144 | 146 | 127 | 127 |
+-----+-----+-----+-----+-----+-----+-----+-----+-----+-----+-----+-----+-----+
================================================================================================================



====> MATCH: 0x00000004180C0809   ADDRESS: 0x59BA  END: 0x5B07  SIZE: 13x25     M1: 0      M2: 4      L: 0x0809     L: 2312 
====> EXTRA: 787F8084898C9898 0000000004180C08

+-----+-----+-----+-----+-----+-----+-----+-----+-----+-----+-----+-----+-----+
| 154 | 221 | 225 | 220 | 198 | 160 | 164 | 168 | 180 | 176 | 197 | 213 | 213 |
| 151 | 213 | 217 | 213 | 193 | 158 | 162 | 166 | 177 | 174 | 194 | 209 | 209 |
| 147 | 204 | 208 | 205 | 187 | 155 | 159 | 163 | 174 | 171 | 190 | 205 | 205 |
| 143 | 196 | 200 | 200 | 181 | 153 | 157 | 161 | 171 | 169 | 186 | 201 | 201 |
| 139 | 186 | 192 | 190 | 177 | 154 | 155 | 158 | 168 | 166 | 183 | 203 | 203 |
| 132 | 180 | 179 | 182 | 172 | 148 | 154 | 155 | 167 | 169 | 182 | 197 | 197 |
| 132 | 173 | 168 | 175 | 166 | 142 | 151 | 153 | 164 | 156 | 174 | 185 | 185 |
| 127 | 162 | 166 | 166 | 158 | 139 | 147 | 150 | 158 | 152 | 170 | 181 | 181 |
| 125 | 154 | 158 | 159 | 151 | 137 | 143 | 146 | 151 | 151 | 167 | 176 | 176 |
| 121 | 146 | 148 | 151 | 143 | 136 | 141 | 143 | 145 | 150 | 163 | 173 | 173 |
| 117 | 137 | 139 | 143 | 136 | 134 | 140 | 140 | 143 | 148 | 157 | 169 | 169 |
| 115 | 130 | 131 | 135 | 129 | 130 | 138 | 138 | 141 | 146 | 154 | 168 | 168 |
| 111 | 125 | 126 | 130 | 128 | 128 | 136 | 137 | 141 | 144 | 152 | 167 | 167 |
| 107 | 115 | 115 | 128 | 126 | 130 | 134 | 136 | 141 | 144 | 152 | 166 | 166 |
| 103 | 106 | 107 | 116 | 117 | 128 | 131 | 135 | 141 | 145 | 147 | 159 | 159 |
| 100 | 98  | 98  | 108 | 111 | 123 | 129 | 131 | 135 | 139 | 144 | 156 | 156 |
| 96  | 90  | 90  | 101 | 105 | 120 | 127 | 128 | 132 | 137 | 140 | 152 | 152 |
| 96  | 90  | 90  | 101 | 105 | 120 | 127 | 128 | 132 | 137 | 140 | 152 | 152 |
| 96  | 90  | 90  | 101 | 105 | 120 | 127 | 128 | 132 | 137 | 140 | 152 | 152 |
| 96  | 90  | 90  | 101 | 105 | 120 | 127 | 128 | 132 | 137 | 140 | 152 | 152 |
| 96  | 90  | 90  | 101 | 105 | 120 | 127 | 128 | 132 | 137 | 140 | 152 | 152 |
| 96  | 90  | 90  | 101 | 105 | 120 | 127 | 128 | 132 | 137 | 140 | 152 | 152 |
| 96  | 90  | 90  | 101 | 105 | 120 | 127 | 128 | 132 | 137 | 140 | 152 | 152 |
| 96  | 90  | 90  | 101 | 105 | 120 | 127 | 128 | 132 | 137 | 140 | 152 | 152 |
| 96  | 90  | 90  | 101 | 105 | 120 | 127 | 128 | 132 | 137 | 140 | 152 | 152 |
+-----+-----+-----+-----+-----+-----+-----+-----+-----+-----+-----+-----+-----+
================================================================================================================



====> MATCH: 0x00000004180C0809   ADDRESS: 0x5B08  END: 0x5C55  SIZE: 13x25     M1: 0      M2: 4      L: 0x0809     L: 2312 
====> EXTRA: 9998979494948F8F 0000000004070C05

+-----+-----+-----+-----+-----+-----+-----+-----+-----+-----+-----+-----+-----+
| 34  | 36  | 35  | 35  | 34  | 32  | 32  | 31  | 30  | 29  | 27  | 27  | 27  |
| 41  | 44  | 43  | 42  | 42  | 40  | 40  | 38  | 38  | 36  | 35  | 34  | 34  |
| 49  | 51  | 50  | 50  | 49  | 47  | 47  | 46  | 45  | 44  | 42  | 42  | 42  |
| 56  | 59  | 58  | 57  | 57  | 55  | 55  | 53  | 52  | 51  | 50  | 49  | 49  |
| 63  | 66  | 66  | 65  | 64  | 62  | 62  | 61  | 60  | 58  | 57  | 56  | 56  |
| 70  | 74  | 73  | 73  | 73  | 70  | 70  | 68  | 67  | 66  | 65  | 64  | 64  |
| 77  | 82  | 81  | 81  | 80  | 77  | 77  | 76  | 75  | 74  | 73  | 71  | 71  |
| 87  | 90  | 90  | 89  | 87  | 85  | 85  | 83  | 82  | 81  | 80  | 77  | 77  |
| 95  | 97  | 97  | 96  | 94  | 93  | 92  | 91  | 90  | 88  | 86  | 84  | 84  |
| 102 | 104 | 104 | 104 | 101 | 101 | 100 | 98  | 97  | 95  | 93  | 92  | 92  |
| 109 | 111 | 111 | 111 | 109 | 109 | 108 | 106 | 104 | 102 | 102 | 100 | 100 |
| 115 | 118 | 118 | 118 | 117 | 116 | 115 | 114 | 111 | 110 | 110 | 107 | 107 |
| 123 | 126 | 126 | 126 | 124 | 123 | 123 | 121 | 118 | 118 | 118 | 114 | 114 |
| 131 | 133 | 134 | 133 | 131 | 130 | 130 | 128 | 126 | 126 | 125 | 121 | 121 |
| 138 | 141 | 141 | 141 | 139 | 138 | 137 | 135 | 132 | 133 | 133 | 129 | 129 |
| 146 | 148 | 149 | 149 | 147 | 145 | 145 | 143 | 141 | 140 | 140 | 136 | 136 |
| 153 | 156 | 157 | 156 | 154 | 153 | 152 | 151 | 148 | 148 | 148 | 143 | 143 |
| 153 | 156 | 157 | 156 | 154 | 153 | 152 | 151 | 148 | 148 | 148 | 143 | 143 |
| 153 | 156 | 157 | 156 | 154 | 153 | 152 | 151 | 148 | 148 | 148 | 143 | 143 |
| 153 | 156 | 157 | 156 | 154 | 153 | 152 | 151 | 148 | 148 | 148 | 143 | 143 |
| 153 | 156 | 157 | 156 | 154 | 153 | 152 | 151 | 148 | 148 | 148 | 143 | 143 |
| 153 | 156 | 157 | 156 | 154 | 153 | 152 | 151 | 148 | 148 | 148 | 143 | 143 |
| 153 | 156 | 157 | 156 | 154 | 153 | 152 | 151 | 148 | 148 | 148 | 143 | 143 |
| 153 | 156 | 157 | 156 | 154 | 153 | 152 | 151 | 148 | 148 | 148 | 143 | 143 |
| 153 | 156 | 157 | 156 | 154 | 153 | 152 | 151 | 148 | 148 | 148 | 143 | 143 |
+-----+-----+-----+-----+-----+-----+-----+-----+-----+-----+-----+-----+-----+
================================================================================================================



====> MATCH: 0x00020002070D0909   ADDRESS: 0x6204  END: 0x627C  SIZE: 14x8     M1: 2      M2: 2      L: 0x0909     L: 2313 
====> EXTRA: ADAFAFAFAFAFAFAF 0400000001006C58

+-----+-----+-----+-----+-----+-----+-----+-----+-----+-----+-----+-----+-----+-----+
| 71  | 71  | 89  | 101 | 109 | 119 | 132 | 138 | 142 | 152 | 160 | 164 | 164 | 164 |
| 71  | 71  | 89  | 101 | 109 | 119 | 132 | 138 | 142 | 152 | 160 | 164 | 164 | 164 |
| 77  | 77  | 95  | 108 | 118 | 130 | 143 | 150 | 153 | 158 | 164 | 166 | 166 | 166 |
| 93  | 93  | 113 | 127 | 133 | 143 | 154 | 114 | 164 | 166 | 168 | 170 | 170 | 170 |
| 104 | 104 | 128 | 138 | 145 | 154 | 164 | 167 | 168 | 170 | 171 | 172 | 172 | 172 |
| 119 | 119 | 139 | 149 | 158 | 167 | 168 | 170 | 171 | 172 | 172 | 173 | 173 | 173 |
| 125 | 141 | 149 | 159 | 167 | 172 | 173 | 175 | 175 | 175 | 175 | 175 | 175 | 175 |
| 125 | 141 | 149 | 159 | 167 | 172 | 173 | 175 | 175 | 175 | 175 | 175 | 175 | 175 |
+-----+-----+-----+-----+-----+-----+-----+-----+-----+-----+-----+-----+-----+-----+
================================================================================================================



====> MATCH: 0x000200020B0D0909   ADDRESS: 0x62CE  END: 0x637E  SIZE: 14x12     M1: 2      M2: 2      L: 0x0909     L: 2313 
====> EXTRA: 828E8C9494989B9B 00FFFF7F01802000

+-----+-----+-----+-----+-----+-----+-----+-----+-----+-----+-----+-----+-----+-----+
| 48  | 48  | 58  | 68  | 80  | 83  | 92  | 103 | 103 | 103 | 106 | 109 | 109 | 109 |
| 58  | 58  | 68  | 88  | 84  | 86  | 96  | 108 | 108 | 108 | 111 | 114 | 114 | 114 |
| 94  | 94  | 94  | 103 | 91  | 95  | 105 | 113 | 124 | 116 | 119 | 122 | 122 | 122 |
| 118 | 118 | 118 | 121 | 111 | 116 | 124 | 131 | 133 | 134 | 136 | 139 | 139 | 139 |
| 116 | 116 | 116 | 121 | 118 | 126 | 132 | 133 | 133 | 132 | 130 | 134 | 134 | 134 |
| 114 | 114 | 114 | 120 | 126 | 133 | 131 | 131 | 131 | 128 | 133 | 136 | 136 | 136 |
| 115 | 115 | 115 | 116 | 123 | 129 | 129 | 129 | 127 | 128 | 136 | 140 | 140 | 140 |
| 120 | 120 | 120 | 115 | 119 | 122 | 125 | 126 | 129 | 133 | 139 | 143 | 143 | 143 |
| 123 | 123 | 123 | 121 | 116 | 115 | 121 | 128 | 135 | 139 | 140 | 148 | 148 | 148 |
| 123 | 123 | 123 | 123 | 120 | 114 | 122 | 133 | 139 | 140 | 140 | 148 | 148 | 148 |
| 123 | 123 | 123 | 123 | 122 | 116 | 125 | 137 | 140 | 141 | 140 | 150 | 155 | 155 |
| 123 | 123 | 123 | 123 | 123 | 119 | 130 | 142 | 140 | 148 | 148 | 152 | 155 | 155 |
+-----+-----+-----+-----+-----+-----+-----+-----+-----+-----+-----+-----+-----+-----+
================================================================================================================



====> MATCH: 0x0001000217070809   ADDRESS: 0x63BA  END: 0x6482  SIZE: 8x24     M1: 1      M2: 2      L: 0x0809     L: 2312 
====> EXTRA: 7A7A7A7A7A7A7A7A 0101000000000058

+-----+-----+-----+-----+-----+-----+-----+-----+
| 122 | 122 | 122 | 122 | 122 | 122 | 122 | 122 |
| 122 | 122 | 122 | 122 | 122 | 122 | 122 | 122 |
| 122 | 122 | 122 | 122 | 122 | 122 | 122 | 122 |
| 122 | 122 | 122 | 122 | 122 | 122 | 122 | 122 |
| 122 | 122 | 122 | 122 | 122 | 122 | 122 | 122 |
| 122 | 122 | 122 | 122 | 122 | 122 | 122 | 122 |
| 122 | 122 | 122 | 122 | 122 | 122 | 122 | 122 |
| 122 | 122 | 122 | 122 | 122 | 122 | 122 | 122 |
| 122 | 122 | 122 | 122 | 122 | 122 | 122 | 122 |
| 122 | 122 | 122 | 122 | 122 | 122 | 122 | 122 |
| 122 | 122 | 122 | 122 | 122 | 122 | 122 | 122 |
| 122 | 122 | 122 | 122 | 122 | 122 | 122 | 122 |
| 122 | 122 | 122 | 122 | 122 | 122 | 122 | 122 |
| 122 | 122 | 122 | 122 | 122 | 122 | 122 | 122 |
| 122 | 122 | 122 | 122 | 122 | 122 | 122 | 122 |
| 122 | 122 | 122 | 122 | 122 | 122 | 122 | 122 |
| 122 | 122 | 122 | 122 | 122 | 122 | 122 | 122 |
| 122 | 122 | 122 | 122 | 122 | 122 | 122 | 122 |
| 122 | 122 | 122 | 122 | 122 | 122 | 122 | 122 |
| 122 | 122 | 122 | 122 | 122 | 122 | 122 | 122 |
| 122 | 122 | 122 | 122 | 122 | 122 | 122 | 122 |
| 122 | 122 | 122 | 122 | 122 | 122 | 122 | 122 |
| 122 | 122 | 122 | 122 | 122 | 122 | 122 | 122 |
| 122 | 122 | 122 | 122 | 122 | 122 | 122 | 122 |
+-----+-----+-----+-----+-----+-----+-----+-----+
================================================================================================================



====> MATCH: 0x000100020D070809   ADDRESS: 0x66EE  END: 0x6766  SIZE: 8x14     M1: 1      M2: 2      L: 0x0809     L: 2312 
====> EXTRA: 3333808080808080 000100020D070809

+----+----+-----+-----+-----+-----+-----+-----+
| 51 | 51 | 128 | 128 | 128 | 128 | 128 | 128 |
| 51 | 51 | 128 | 128 | 128 | 128 | 128 | 128 |
| 51 | 51 | 128 | 128 | 128 | 128 | 128 | 128 |
| 51 | 51 | 128 | 128 | 128 | 128 | 128 | 128 |
| 51 | 51 | 128 | 128 | 128 | 128 | 128 | 128 |
| 51 | 51 | 128 | 128 | 128 | 128 | 128 | 128 |
| 51 | 51 | 128 | 128 | 128 | 128 | 128 | 128 |
| 51 | 51 | 128 | 128 | 128 | 128 | 128 | 128 |
| 51 | 51 | 128 | 128 | 128 | 128 | 128 | 128 |
| 51 | 51 | 128 | 128 | 128 | 128 | 128 | 128 |
| 51 | 51 | 128 | 128 | 128 | 128 | 128 | 128 |
| 51 | 51 | 128 | 128 | 128 | 128 | 128 | 128 |
| 51 | 51 | 128 | 128 | 128 | 128 | 128 | 128 |
| 51 | 51 | 128 | 128 | 128 | 128 | 128 | 128 |
+----+----+-----+-----+-----+-----+-----+-----+
================================================================================================================



====> MATCH: 0x000100020D070809   ADDRESS: 0x6766  END: 0x67DE  SIZE: 8x14     M1: 1      M2: 2      L: 0x0809     L: 2312 
====> EXTRA: 3333808080808080 000100020D090809

+----+----+-----+-----+-----+-----+-----+-----+
| 51 | 51 | 128 | 128 | 128 | 128 | 128 | 128 |
| 51 | 51 | 128 | 128 | 128 | 128 | 128 | 128 |
| 51 | 51 | 128 | 128 | 128 | 128 | 128 | 128 |
| 51 | 51 | 128 | 128 | 128 | 128 | 128 | 128 |
| 51 | 51 | 128 | 128 | 128 | 128 | 128 | 128 |
| 51 | 51 | 128 | 128 | 128 | 128 | 128 | 128 |
| 51 | 51 | 128 | 128 | 128 | 128 | 128 | 128 |
| 51 | 51 | 128 | 128 | 128 | 128 | 128 | 128 |
| 51 | 51 | 128 | 128 | 128 | 128 | 128 | 128 |
| 51 | 51 | 128 | 128 | 128 | 128 | 128 | 128 |
| 51 | 51 | 128 | 128 | 128 | 128 | 128 | 128 |
| 51 | 51 | 128 | 128 | 128 | 128 | 128 | 128 |
| 51 | 51 | 128 | 128 | 128 | 128 | 128 | 128 |
| 51 | 51 | 128 | 128 | 128 | 128 | 128 | 128 |
+----+----+-----+-----+-----+-----+-----+-----+
================================================================================================================



====> MATCH: 0x000100020D090809   ADDRESS: 0x67DE  END: 0x6872  SIZE: 10x14     M1: 1      M2: 2      L: 0x0809     L: 2312 
====> EXTRA: D7CDCFC8B3AEB0B2 00FFF7E0C7070010

+-----+-----+-----+-----+-----+-----+-----+-----+-----+-----+
| 43  | 43  | 42  | 25  | 53  | 61  | 38  | 53  | 56  | 55  |
| 51  | 51  | 51  | 38  | 62  | 69  | 46  | 58  | 61  | 60  |
| 72  | 68  | 67  | 59  | 76  | 81  | 59  | 68  | 69  | 69  |
| 85  | 81  | 82  | 80  | 90  | 93  | 72  | 77  | 78  | 78  |
| 97  | 91  | 97  | 101 | 104 | 105 | 85  | 86  | 86  | 87  |
| 112 | 106 | 116 | 122 | 118 | 117 | 98  | 96  | 94  | 96  |
| 135 | 132 | 138 | 133 | 131 | 130 | 111 | 105 | 103 | 105 |
| 152 | 149 | 150 | 148 | 145 | 143 | 123 | 114 | 111 | 114 |
| 156 | 154 | 164 | 161 | 159 | 153 | 130 | 124 | 120 | 122 |
| 184 | 180 | 174 | 174 | 168 | 162 | 138 | 133 | 129 | 136 |
| 187 | 185 | 182 | 183 | 176 | 170 | 148 | 143 | 139 | 147 |
| 193 | 195 | 190 | 190 | 187 | 179 | 157 | 154 | 154 | 158 |
| 204 | 204 | 202 | 197 | 198 | 190 | 167 | 164 | 163 | 169 |
| 217 | 217 | 215 | 205 | 207 | 200 | 179 | 174 | 176 | 178 |
+-----+-----+-----+-----+-----+-----+-----+-----+-----+-----+
================================================================================================================



====> MATCH: 0x000100021B0D0809   ADDRESS: 0x6A54  END: 0x6BE4  SIZE: 14x28     M1: 1      M2: 2      L: 0x0809     L: 2312 
====> EXTRA: 9D98969799999999 5A00FA001B01AB02

+-----+-----+-----+-----+-----+-----+-----+-----+-----+-----+-----+-----+-----+-----+
| 136 | 136 | 136 | 128 | 128 | 128 | 128 | 128 | 128 | 128 | 128 | 128 | 128 | 128 |
| 136 | 136 | 136 | 128 | 128 | 128 | 128 | 128 | 128 | 128 | 128 | 128 | 128 | 128 |
| 132 | 132 | 131 | 131 | 128 | 128 | 128 | 128 | 128 | 128 | 128 | 128 | 128 | 128 |
| 131 | 131 | 131 | 131 | 130 | 130 | 130 | 131 | 128 | 128 | 128 | 128 | 128 | 128 |
| 132 | 132 | 132 | 132 | 131 | 131 | 131 | 130 | 128 | 128 | 128 | 128 | 128 | 128 |
| 133 | 133 | 133 | 134 | 134 | 134 | 132 | 131 | 128 | 128 | 128 | 128 | 128 | 128 |
| 134 | 133 | 133 | 135 | 135 | 135 | 132 | 133 | 128 | 128 | 128 | 128 | 128 | 128 |
| 135 | 134 | 134 | 135 | 135 | 135 | 135 | 135 | 131 | 128 | 130 | 128 | 130 | 130 |
| 136 | 135 | 136 | 136 | 136 | 136 | 136 | 134 | 131 | 128 | 130 | 134 | 132 | 132 |
| 137 | 137 | 137 | 137 | 137 | 137 | 136 | 134 | 131 | 128 | 143 | 146 | 138 | 138 |
| 137 | 138 | 131 | 137 | 137 | 137 | 136 | 134 | 131 | 128 | 139 | 144 | 137 | 137 |
| 138 | 138 | 131 | 132 | 133 | 135 | 136 | 134 | 131 | 140 | 138 | 143 | 136 | 136 |
| 138 | 138 | 131 | 134 | 134 | 135 | 136 | 133 | 134 | 139 | 137 | 142 | 136 | 136 |
| 138 | 138 | 144 | 144 | 134 | 135 | 135 | 134 | 138 | 139 | 136 | 141 | 138 | 138 |
| 139 | 139 | 143 | 142 | 138 | 136 | 135 | 137 | 143 | 138 | 134 | 142 | 136 | 136 |
| 139 | 139 | 142 | 143 | 146 | 139 | 135 | 144 | 141 | 137 | 136 | 142 | 134 | 134 |
| 139 | 139 | 138 | 141 | 149 | 149 | 141 | 141 | 141 | 136 | 136 | 140 | 134 | 134 |
| 139 | 139 | 138 | 143 | 151 | 151 | 146 | 141 | 138 | 137 | 136 | 138 | 139 | 139 |
| 139 | 139 | 138 | 138 | 148 | 152 | 150 | 141 | 137 | 136 | 137 | 141 | 151 | 151 |
| 139 | 139 | 138 | 138 | 149 | 152 | 144 | 140 | 139 | 136 | 141 | 153 | 153 | 153 |
| 139 | 139 | 138 | 138 | 148 | 151 | 146 | 139 | 139 | 149 | 153 | 153 | 153 | 153 |
| 139 | 139 | 138 | 138 | 148 | 152 | 146 | 152 | 157 | 151 | 153 | 153 | 153 | 153 |
| 139 | 139 | 138 | 138 | 148 | 156 | 157 | 152 | 150 | 151 | 153 | 153 | 153 | 153 |
| 139 | 139 | 138 | 138 | 148 | 152 | 157 | 152 | 150 | 151 | 153 | 153 | 153 | 153 |
| 139 | 139 | 138 | 138 | 148 | 152 | 157 | 152 | 150 | 151 | 153 | 153 | 153 | 153 |
| 139 | 139 | 138 | 138 | 148 | 152 | 157 | 152 | 150 | 151 | 153 | 153 | 153 | 153 |
| 139 | 139 | 138 | 138 | 148 | 152 | 157 | 152 | 150 | 151 | 153 | 153 | 153 | 153 |
| 139 | 139 | 138 | 138 | 148 | 152 | 157 | 152 | 150 | 151 | 153 | 153 | 153 | 153 |
+-----+-----+-----+-----+-----+-----+-----+-----+-----+-----+-----+-----+-----+-----+
================================================================================================================



====> MATCH: 0x000000020C0D0909   ADDRESS: 0x7046  END: 0x7104  SIZE: 14x13     M1: 0      M2: 2      L: 0x0909     L: 2313 
====> EXTRA: 0000000000000000 060700020D09FFFF

+---+---+---+---+---+---+---+---+---+---+---+---+---+---+
| 0 | 0 | 0 | 0 | 0 | 0 | 0 | 0 | 0 | 0 | 0 | 0 | 0 | 0 |
| 0 | 0 | 0 | 0 | 0 | 0 | 0 | 0 | 0 | 0 | 0 | 0 | 0 | 0 |
| 0 | 0 | 0 | 0 | 0 | 0 | 0 | 0 | 0 | 0 | 0 | 0 | 0 | 0 |
| 0 | 0 | 0 | 0 | 0 | 0 | 0 | 0 | 0 | 0 | 0 | 0 | 0 | 0 |
| 0 | 0 | 0 | 0 | 0 | 0 | 0 | 0 | 0 | 0 | 0 | 0 | 0 | 0 |
| 0 | 0 | 0 | 0 | 0 | 0 | 0 | 0 | 0 | 0 | 0 | 0 | 0 | 0 |
| 0 | 0 | 0 | 0 | 0 | 0 | 0 | 0 | 0 | 0 | 0 | 0 | 0 | 0 |
| 0 | 0 | 0 | 0 | 0 | 0 | 0 | 0 | 0 | 0 | 0 | 0 | 0 | 0 |
| 0 | 0 | 0 | 0 | 0 | 0 | 0 | 0 | 0 | 0 | 0 | 0 | 0 | 0 |
| 0 | 0 | 0 | 0 | 0 | 0 | 0 | 0 | 0 | 0 | 0 | 0 | 0 | 0 |
| 0 | 0 | 0 | 0 | 0 | 0 | 0 | 0 | 0 | 0 | 0 | 0 | 0 | 0 |
| 0 | 0 | 0 | 0 | 0 | 0 | 0 | 0 | 0 | 0 | 0 | 0 | 0 | 0 |
| 0 | 0 | 0 | 0 | 0 | 0 | 0 | 0 | 0 | 0 | 0 | 0 | 0 | 0 |
+---+---+---+---+---+---+---+---+---+---+---+---+---+---+
================================================================================================================



====> MATCH: 0x00020002160D0809   ADDRESS: 0x7158  END: 0x72A2  SIZE: 14x23     M1: 2      M2: 2      L: 0x0809     L: 2312 
====> EXTRA: AFC8E1FA00000000 80FF0A0000083340

+---+-----+-----+-----+-----+-----+-----+-----+-----+-----+---+---+---+---+
| 0 | 100 | 105 | 112 | 125 | 150 | 175 | 200 | 225 | 250 | 0 | 0 | 0 | 0 |
| 0 | 100 | 105 | 112 | 125 | 150 | 175 | 200 | 225 | 250 | 0 | 0 | 0 | 0 |
| 0 | 100 | 105 | 112 | 125 | 150 | 175 | 200 | 225 | 250 | 0 | 0 | 0 | 0 |
| 0 | 100 | 105 | 112 | 125 | 150 | 175 | 200 | 225 | 250 | 0 | 0 | 0 | 0 |
| 0 | 100 | 105 | 112 | 125 | 150 | 175 | 200 | 225 | 250 | 0 | 0 | 0 | 0 |
| 0 | 100 | 105 | 112 | 125 | 150 | 175 | 200 | 225 | 250 | 0 | 0 | 0 | 0 |
| 0 | 100 | 105 | 112 | 125 | 150 | 175 | 200 | 225 | 250 | 0 | 0 | 0 | 0 |
| 0 | 100 | 105 | 112 | 125 | 150 | 175 | 200 | 225 | 250 | 0 | 0 | 0 | 0 |
| 0 | 100 | 105 | 112 | 125 | 150 | 175 | 200 | 225 | 250 | 0 | 0 | 0 | 0 |
| 0 | 100 | 105 | 112 | 125 | 150 | 175 | 200 | 225 | 250 | 0 | 0 | 0 | 0 |
| 0 | 100 | 105 | 112 | 125 | 150 | 175 | 200 | 225 | 250 | 0 | 0 | 0 | 0 |
| 0 | 100 | 105 | 112 | 125 | 150 | 175 | 200 | 225 | 250 | 0 | 0 | 0 | 0 |
| 0 | 100 | 105 | 112 | 125 | 150 | 175 | 200 | 225 | 250 | 0 | 0 | 0 | 0 |
| 0 | 100 | 105 | 112 | 125 | 150 | 175 | 200 | 225 | 250 | 0 | 0 | 0 | 0 |
| 0 | 100 | 105 | 112 | 125 | 150 | 175 | 200 | 225 | 250 | 0 | 0 | 0 | 0 |
| 0 | 100 | 105 | 112 | 125 | 150 | 175 | 200 | 225 | 250 | 0 | 0 | 0 | 0 |
| 0 | 100 | 105 | 112 | 125 | 150 | 175 | 200 | 225 | 250 | 0 | 0 | 0 | 0 |
| 0 | 100 | 105 | 112 | 125 | 150 | 175 | 200 | 225 | 250 | 0 | 0 | 0 | 0 |
| 0 | 100 | 105 | 112 | 125 | 150 | 175 | 200 | 225 | 250 | 0 | 0 | 0 | 0 |
| 0 | 100 | 105 | 112 | 125 | 150 | 175 | 200 | 225 | 250 | 0 | 0 | 0 | 0 |
| 0 | 100 | 105 | 112 | 125 | 150 | 175 | 200 | 225 | 250 | 0 | 0 | 0 | 0 |
| 0 | 100 | 105 | 112 | 125 | 150 | 175 | 200 | 225 | 250 | 0 | 0 | 0 | 0 |
| 0 | 100 | 105 | 112 | 125 | 150 | 175 | 200 | 225 | 250 | 0 | 0 | 0 | 0 |
+---+-----+-----+-----+-----+-----+-----+-----+-----+-----+---+---+---+---+
================================================================================================================



====> MATCH: 0x000100020F0B0809   ADDRESS: 0x7634  END: 0x76FC  SIZE: 12x16     M1: 1      M2: 2      L: 0x0809     L: 2312 
====> EXTRA: 0000000000000000 000100020F0B0809

+---+---+----+----+----+----+----+----+---+---+---+---+
| 0 | 0 | 0  | 0  | 0  | 0  | 0  | 0  | 0 | 0 | 0 | 0 |
| 0 | 0 | 0  | 0  | 0  | 0  | 0  | 0  | 0 | 0 | 0 | 0 |
| 0 | 0 | 6  | 10 | 13 | 17 | 17 | 17 | 0 | 0 | 0 | 0 |
| 0 | 0 | 8  | 13 | 17 | 21 | 26 | 27 | 0 | 0 | 0 | 0 |
| 0 | 0 | 10 | 18 | 24 | 27 | 27 | 27 | 0 | 0 | 0 | 0 |
| 0 | 0 | 18 | 24 | 30 | 30 | 29 | 29 | 0 | 0 | 0 | 0 |
| 0 | 0 | 21 | 25 | 30 | 30 | 29 | 29 | 0 | 0 | 0 | 0 |
| 0 | 0 | 21 | 25 | 25 | 29 | 27 | 27 | 0 | 0 | 0 | 0 |
| 0 | 0 | 19 | 24 | 24 | 26 | 25 | 22 | 0 | 0 | 0 | 0 |
| 0 | 0 | 19 | 24 | 21 | 23 | 25 | 17 | 0 | 0 | 0 | 0 |
| 0 | 0 | 13 | 21 | 16 | 18 | 16 | 12 | 0 | 0 | 0 | 0 |
| 0 | 0 | 0  | 11 | 11 | 12 | 10 | 10 | 0 | 0 | 0 | 0 |
| 0 | 0 | 0  | 0  | 0  | 0  | 0  | 0  | 0 | 0 | 0 | 0 |
| 0 | 0 | 0  | 0  | 0  | 0  | 0  | 0  | 0 | 0 | 0 | 0 |
| 0 | 0 | 0  | 0  | 0  | 0  | 0  | 0  | 0 | 0 | 0 | 0 |
| 0 | 0 | 0  | 0  | 0  | 0  | 0  | 0  | 0 | 0 | 0 | 0 |
+---+---+----+----+----+----+----+----+---+---+---+---+
================================================================================================================



====> COUNT: 50 
====> SIZE: 14x7		COUNT: 2
====> SIZE: 14x21		COUNT: 1
====> SIZE: 13x25		COUNT: 3
====> SIZE: 8x14		COUNT: 2
====> SIZE: 14x28		COUNT: 1
====> SIZE: 3x1		COUNT: 1
====> SIZE: 10x14		COUNT: 1
====> SIZE: 14x23		COUNT: 8
====> SIZE: 11x23		COUNT: 2
====> SIZE: 8x13		COUNT: 8
====> SIZE: 14x8		COUNT: 1
====> SIZE: 8x24		COUNT: 10
====> SIZE: 13x12		COUNT: 7
====> SIZE: 14x12		COUNT: 1
====> SIZE: 14x13		COUNT: 1
====> SIZE: 12x16		COUNT: 1
